{"/home/kalo22/dbwebb-kurser/vteam/server/apiDocs.js": {"path":"/home/kalo22/dbwebb-kurser/vteam/server/apiDocs.js","statementMap":{"0":{"start":{"line":3,"column":21},"end":{"line":3,"column":45}},"1":{"start":{"line":4,"column":18},"end":{"line":4,"column":47}},"2":{"start":{"line":6,"column":23},"end":{"line":262,"column":1}},"3":{"start":{"line":264,"column":20},"end":{"line":264,"column":48}},"4":{"start":{"line":265,"column":25},"end":{"line":267,"column":1}},"5":{"start":{"line":269,"column":0},"end":{"line":271,"column":2}},"6":{"start":{"line":270,"column":4},"end":{"line":270,"column":90}}},"fnMap":{"0":{"name":"(anonymous_0)","decl":{"start":{"line":269,"column":17},"end":{"line":269,"column":18}},"loc":{"start":{"line":269,"column":26},"end":{"line":271,"column":1}},"line":269}},"branchMap":{},"s":{"0":3,"1":3,"2":3,"3":3,"4":3,"5":3,"6":3},"f":{"0":3},"b":{},"_coverageSchema":"1a1c01bbd47fc00a2c39e90264f33305004495a9","hash":"e9b0e57e4abdfd8e1b436b605ea98f5d9058089b"}
,"/home/kalo22/dbwebb-kurser/vteam/server/index.js": {"path":"/home/kalo22/dbwebb-kurser/vteam/server/index.js","statementMap":{"0":{"start":{"line":4,"column":0},"end":{"line":4,"column":27}},"1":{"start":{"line":7,"column":24},"end":{"line":7,"column":45}},"2":{"start":{"line":10,"column":21},"end":{"line":10,"column":56}},"3":{"start":{"line":11,"column":21},"end":{"line":11,"column":56}},"4":{"start":{"line":12,"column":23},"end":{"line":12,"column":60}},"5":{"start":{"line":13,"column":23},"end":{"line":13,"column":60}},"6":{"start":{"line":14,"column":24},"end":{"line":14,"column":62}},"7":{"start":{"line":15,"column":24},"end":{"line":15,"column":62}},"8":{"start":{"line":16,"column":21},"end":{"line":16,"column":56}},"9":{"start":{"line":17,"column":21},"end":{"line":17,"column":56}},"10":{"start":{"line":18,"column":20},"end":{"line":18,"column":54}},"11":{"start":{"line":19,"column":20},"end":{"line":19,"column":54}},"12":{"start":{"line":20,"column":24},"end":{"line":20,"column":62}},"13":{"start":{"line":21,"column":24},"end":{"line":21,"column":62}},"14":{"start":{"line":22,"column":15},"end":{"line":22,"column":44}},"15":{"start":{"line":23,"column":13},"end":{"line":23,"column":40}},"16":{"start":{"line":24,"column":15},"end":{"line":24,"column":37}},"17":{"start":{"line":26,"column":13},"end":{"line":26,"column":33}},"18":{"start":{"line":27,"column":16},"end":{"line":27,"column":34}},"19":{"start":{"line":28,"column":17},"end":{"line":28,"column":36}},"20":{"start":{"line":29,"column":12},"end":{"line":29,"column":21}},"21":{"start":{"line":32,"column":0},"end":{"line":32,"column":26}},"22":{"start":{"line":34,"column":0},"end":{"line":36,"column":3}},"23":{"start":{"line":38,"column":0},"end":{"line":38,"column":24}},"24":{"start":{"line":68,"column":0},"end":{"line":72,"column":3}},"25":{"start":{"line":69,"column":4},"end":{"line":71,"column":5}},"26":{"start":{"line":70,"column":8},"end":{"line":70,"column":57}},"27":{"start":{"line":74,"column":0},"end":{"line":79,"column":3}},"28":{"start":{"line":75,"column":4},"end":{"line":75,"column":48}},"29":{"start":{"line":76,"column":4},"end":{"line":76,"column":49}},"30":{"start":{"line":77,"column":4},"end":{"line":77,"column":49}},"31":{"start":{"line":78,"column":4},"end":{"line":78,"column":11}},"32":{"start":{"line":81,"column":0},"end":{"line":81,"column":31}},"33":{"start":{"line":82,"column":0},"end":{"line":82,"column":34}},"34":{"start":{"line":83,"column":0},"end":{"line":83,"column":33}},"35":{"start":{"line":84,"column":0},"end":{"line":84,"column":36}},"36":{"start":{"line":85,"column":0},"end":{"line":85,"column":37}},"37":{"start":{"line":86,"column":0},"end":{"line":86,"column":40}},"38":{"start":{"line":87,"column":0},"end":{"line":87,"column":31}},"39":{"start":{"line":88,"column":0},"end":{"line":88,"column":34}},"40":{"start":{"line":89,"column":0},"end":{"line":89,"column":29}},"41":{"start":{"line":90,"column":0},"end":{"line":90,"column":32}},"42":{"start":{"line":91,"column":0},"end":{"line":91,"column":37}},"43":{"start":{"line":92,"column":0},"end":{"line":92,"column":40}},"44":{"start":{"line":115,"column":0},"end":{"line":119,"column":3}},"45":{"start":{"line":116,"column":19},"end":{"line":116,"column":50}},"46":{"start":{"line":117,"column":21},"end":{"line":117,"column":82}},"47":{"start":{"line":118,"column":4},"end":{"line":118,"column":51}},"48":{"start":{"line":136,"column":0},"end":{"line":140,"column":3}},"49":{"start":{"line":137,"column":17},"end":{"line":137,"column":36}},"50":{"start":{"line":138,"column":21},"end":{"line":138,"column":80}},"51":{"start":{"line":139,"column":4},"end":{"line":139,"column":51}},"52":{"start":{"line":143,"column":0},"end":{"line":143,"column":21}}},"fnMap":{"0":{"name":"(anonymous_0)","decl":{"start":{"line":68,"column":8},"end":{"line":68,"column":9}},"loc":{"start":{"line":68,"column":33},"end":{"line":72,"column":1}},"line":68},"1":{"name":"(anonymous_1)","decl":{"start":{"line":74,"column":8},"end":{"line":74,"column":9}},"loc":{"start":{"line":74,"column":28},"end":{"line":79,"column":1}},"line":74},"2":{"name":"(anonymous_2)","decl":{"start":{"line":115,"column":13},"end":{"line":115,"column":14}},"loc":{"start":{"line":115,"column":27},"end":{"line":119,"column":1}},"line":115},"3":{"name":"(anonymous_3)","decl":{"start":{"line":136,"column":19},"end":{"line":136,"column":20}},"loc":{"start":{"line":136,"column":39},"end":{"line":140,"column":1}},"line":136}},"branchMap":{"0":{"loc":{"start":{"line":69,"column":4},"end":{"line":71,"column":5}},"type":"if","locations":[{"start":{"line":69,"column":4},"end":{"line":71,"column":5}},{"start":{},"end":{}}],"line":69}},"s":{"0":3,"1":3,"2":3,"3":3,"4":3,"5":3,"6":3,"7":3,"8":3,"9":3,"10":3,"11":3,"12":3,"13":3,"14":3,"15":3,"16":3,"17":3,"18":3,"19":3,"20":3,"21":3,"22":3,"23":3,"24":3,"25":0,"26":0,"27":3,"28":34,"29":34,"30":34,"31":34,"32":3,"33":3,"34":3,"35":3,"36":3,"37":3,"38":3,"39":3,"40":3,"41":3,"42":3,"43":3,"44":3,"45":0,"46":0,"47":0,"48":3,"49":0,"50":0,"51":0,"52":3},"f":{"0":0,"1":34,"2":0,"3":0},"b":{"0":[0,0]},"_coverageSchema":"1a1c01bbd47fc00a2c39e90264f33305004495a9","hash":"fa59d56e574e4f6de2d591694535ce347a4ef438"}
,"/home/kalo22/dbwebb-kurser/vteam/server/logger.js": {"path":"/home/kalo22/dbwebb-kurser/vteam/server/logger.js","statementMap":{"0":{"start":{"line":2,"column":16},"end":{"line":2,"column":34}},"1":{"start":{"line":4,"column":15},"end":{"line":10,"column":2}},"2":{"start":{"line":12,"column":0},"end":{"line":16,"column":1}},"3":{"start":{"line":13,"column":4},"end":{"line":15,"column":8}},"4":{"start":{"line":18,"column":0},"end":{"line":18,"column":24}}},"fnMap":{},"branchMap":{"0":{"loc":{"start":{"line":12,"column":0},"end":{"line":16,"column":1}},"type":"if","locations":[{"start":{"line":12,"column":0},"end":{"line":16,"column":1}},{"start":{},"end":{}}],"line":12}},"s":{"0":3,"1":3,"2":3,"3":3,"4":3},"f":{},"b":{"0":[3,0]},"_coverageSchema":"1a1c01bbd47fc00a2c39e90264f33305004495a9","hash":"a07e2a656a1e4206807b18dbed30dd39b5487723"}
,"/home/kalo22/dbwebb-kurser/vteam/server/server.js": {"path":"/home/kalo22/dbwebb-kurser/vteam/server/server.js","statementMap":{"0":{"start":{"line":1,"column":12},"end":{"line":1,"column":33}},"1":{"start":{"line":3,"column":13},"end":{"line":3,"column":37}},"2":{"start":{"line":5,"column":15},"end":{"line":5,"column":98}},"3":{"start":{"line":5,"column":38},"end":{"line":5,"column":97}},"4":{"start":{"line":7,"column":0},"end":{"line":7,"column":24}}},"fnMap":{"0":{"name":"(anonymous_0)","decl":{"start":{"line":5,"column":32},"end":{"line":5,"column":33}},"loc":{"start":{"line":5,"column":38},"end":{"line":5,"column":97}},"line":5}},"branchMap":{"0":{"loc":{"start":{"line":3,"column":13},"end":{"line":3,"column":37}},"type":"binary-expr","locations":[{"start":{"line":3,"column":13},"end":{"line":3,"column":29}},{"start":{"line":3,"column":33},"end":{"line":3,"column":37}}],"line":3}},"s":{"0":3,"1":3,"2":3,"3":3,"4":3},"f":{"0":3},"b":{"0":[3,3]},"_coverageSchema":"1a1c01bbd47fc00a2c39e90264f33305004495a9","hash":"cc4b1ddc1ce15f6ae17a99cc81fef933a1a9cbb2"}
,"/home/kalo22/dbwebb-kurser/vteam/server/utils.js": {"path":"/home/kalo22/dbwebb-kurser/vteam/server/utils.js","statementMap":{"0":{"start":{"line":3,"column":16},"end":{"line":3,"column":46}},"1":{"start":{"line":4,"column":16},"end":{"line":4,"column":46}},"2":{"start":{"line":8,"column":4},"end":{"line":13,"column":6}},"3":{"start":{"line":17,"column":4},"end":{"line":17,"column":86}},"4":{"start":{"line":21,"column":4},"end":{"line":21,"column":45}},"5":{"start":{"line":24,"column":0},"end":{"line":28,"column":2}}},"fnMap":{"0":{"name":"apiResponse","decl":{"start":{"line":6,"column":9},"end":{"line":6,"column":20}},"loc":{"start":{"line":7,"column":0},"end":{"line":14,"column":1}},"line":7},"1":{"name":"findStation","decl":{"start":{"line":16,"column":15},"end":{"line":16,"column":26}},"loc":{"start":{"line":16,"column":57},"end":{"line":18,"column":1}},"line":16},"2":{"name":"findScooter","decl":{"start":{"line":20,"column":15},"end":{"line":20,"column":26}},"loc":{"start":{"line":20,"column":38},"end":{"line":22,"column":1}},"line":20}},"branchMap":{"0":{"loc":{"start":{"line":6,"column":30},"end":{"line":6,"column":41}},"type":"default-arg","locations":[{"start":{"line":6,"column":37},"end":{"line":6,"column":41}}],"line":6},"1":{"loc":{"start":{"line":6,"column":43},"end":{"line":6,"column":57}},"type":"default-arg","locations":[{"start":{"line":6,"column":53},"end":{"line":6,"column":57}}],"line":6},"2":{"loc":{"start":{"line":6,"column":59},"end":{"line":6,"column":75}},"type":"default-arg","locations":[{"start":{"line":6,"column":72},"end":{"line":6,"column":75}}],"line":6}},"s":{"0":3,"1":3,"2":34,"3":0,"4":4,"5":3},"f":{"0":34,"1":0,"2":4},"b":{"0":[4],"1":[0],"2":[0]},"_coverageSchema":"1a1c01bbd47fc00a2c39e90264f33305004495a9","hash":"1bf16a38f9169e1ba276710ca221be9bb6f0a3d3"}
,"/home/kalo22/dbwebb-kurser/vteam/server/middleware/authMiddleware.js": {"path":"/home/kalo22/dbwebb-kurser/vteam/server/middleware/authMiddleware.js","statementMap":{"0":{"start":{"line":3,"column":12},"end":{"line":3,"column":35}},"1":{"start":{"line":4,"column":24},"end":{"line":4,"column":46}},"2":{"start":{"line":6,"column":26},"end":{"line":22,"column":1}},"3":{"start":{"line":7,"column":23},"end":{"line":7,"column":51}},"4":{"start":{"line":9,"column":18},"end":{"line":9,"column":56}},"5":{"start":{"line":10,"column":4},"end":{"line":12,"column":5}},"6":{"start":{"line":11,"column":8},"end":{"line":11,"column":83}},"7":{"start":{"line":14,"column":4},"end":{"line":21,"column":7}},"8":{"start":{"line":15,"column":8},"end":{"line":18,"column":9}},"9":{"start":{"line":16,"column":12},"end":{"line":16,"column":29}},"10":{"start":{"line":17,"column":12},"end":{"line":17,"column":84}},"11":{"start":{"line":19,"column":8},"end":{"line":19,"column":24}},"12":{"start":{"line":20,"column":8},"end":{"line":20,"column":15}},"13":{"start":{"line":24,"column":18},"end":{"line":34,"column":1}},"14":{"start":{"line":24,"column":28},"end":{"line":34,"column":1}},"15":{"start":{"line":25,"column":4},"end":{"line":27,"column":5}},"16":{"start":{"line":26,"column":8},"end":{"line":26,"column":83}},"17":{"start":{"line":28,"column":4},"end":{"line":32,"column":5}},"18":{"start":{"line":29,"column":8},"end":{"line":29,"column":35}},"19":{"start":{"line":30,"column":8},"end":{"line":30,"column":26}},"20":{"start":{"line":31,"column":8},"end":{"line":31,"column":80}},"21":{"start":{"line":33,"column":4},"end":{"line":33,"column":11}},"22":{"start":{"line":36,"column":0},"end":{"line":36,"column":50}}},"fnMap":{"0":{"name":"(anonymous_0)","decl":{"start":{"line":6,"column":26},"end":{"line":6,"column":27}},"loc":{"start":{"line":6,"column":46},"end":{"line":22,"column":1}},"line":6},"1":{"name":"(anonymous_1)","decl":{"start":{"line":14,"column":55},"end":{"line":14,"column":56}},"loc":{"start":{"line":14,"column":70},"end":{"line":21,"column":5}},"line":14},"2":{"name":"(anonymous_2)","decl":{"start":{"line":24,"column":18},"end":{"line":24,"column":19}},"loc":{"start":{"line":24,"column":28},"end":{"line":34,"column":1}},"line":24},"3":{"name":"(anonymous_3)","decl":{"start":{"line":24,"column":28},"end":{"line":24,"column":29}},"loc":{"start":{"line":24,"column":48},"end":{"line":34,"column":1}},"line":24}},"branchMap":{"0":{"loc":{"start":{"line":9,"column":18},"end":{"line":9,"column":56}},"type":"binary-expr","locations":[{"start":{"line":9,"column":18},"end":{"line":9,"column":28}},{"start":{"line":9,"column":32},"end":{"line":9,"column":56}}],"line":9},"1":{"loc":{"start":{"line":10,"column":4},"end":{"line":12,"column":5}},"type":"if","locations":[{"start":{"line":10,"column":4},"end":{"line":12,"column":5}},{"start":{},"end":{}}],"line":10},"2":{"loc":{"start":{"line":15,"column":8},"end":{"line":18,"column":9}},"type":"if","locations":[{"start":{"line":15,"column":8},"end":{"line":18,"column":9}},{"start":{},"end":{}}],"line":15},"3":{"loc":{"start":{"line":25,"column":4},"end":{"line":27,"column":5}},"type":"if","locations":[{"start":{"line":25,"column":4},"end":{"line":27,"column":5}},{"start":{},"end":{}}],"line":25},"4":{"loc":{"start":{"line":28,"column":4},"end":{"line":32,"column":5}},"type":"if","locations":[{"start":{"line":28,"column":4},"end":{"line":32,"column":5}},{"start":{},"end":{}}],"line":28}},"s":{"0":3,"1":3,"2":3,"3":0,"4":0,"5":0,"6":0,"7":0,"8":0,"9":0,"10":0,"11":0,"12":0,"13":3,"14":54,"15":0,"16":0,"17":0,"18":0,"19":0,"20":0,"21":0,"22":3},"f":{"0":0,"1":0,"2":54,"3":0},"b":{"0":[0,0],"1":[0,0],"2":[0,0],"3":[0,0],"4":[0,0]},"_coverageSchema":"1a1c01bbd47fc00a2c39e90264f33305004495a9","hash":"d513e0137f6ed7b30c67d8a42460b14a5a32f211"}
,"/home/kalo22/dbwebb-kurser/vteam/server/models/city.js": {"path":"/home/kalo22/dbwebb-kurser/vteam/server/models/city.js","statementMap":{"0":{"start":{"line":2,"column":17},"end":{"line":2,"column":36}},"1":{"start":{"line":4,"column":19},"end":{"line":10,"column":2}},"2":{"start":{"line":12,"column":13},"end":{"line":12,"column":47}},"3":{"start":{"line":14,"column":0},"end":{"line":14,"column":22}}},"fnMap":{},"branchMap":{},"s":{"0":3,"1":3,"2":3,"3":3},"f":{},"b":{},"_coverageSchema":"1a1c01bbd47fc00a2c39e90264f33305004495a9","hash":"223f7a14bc9baddb789ae2f76d6ba884d9b4948c"}
,"/home/kalo22/dbwebb-kurser/vteam/server/models/log.js": {"path":"/home/kalo22/dbwebb-kurser/vteam/server/models/log.js","statementMap":{"0":{"start":{"line":2,"column":17},"end":{"line":2,"column":36}},"1":{"start":{"line":4,"column":18},"end":{"line":15,"column":2}},"2":{"start":{"line":17,"column":12},"end":{"line":17,"column":44}},"3":{"start":{"line":19,"column":0},"end":{"line":19,"column":21}}},"fnMap":{},"branchMap":{},"s":{"0":3,"1":3,"2":3,"3":3},"f":{},"b":{},"_coverageSchema":"1a1c01bbd47fc00a2c39e90264f33305004495a9","hash":"3c911e31a5951dc7582a8bcdd6182701d3391fbe"}
,"/home/kalo22/dbwebb-kurser/vteam/server/models/rental.js": {"path":"/home/kalo22/dbwebb-kurser/vteam/server/models/rental.js","statementMap":{"0":{"start":{"line":2,"column":17},"end":{"line":2,"column":36}},"1":{"start":{"line":4,"column":21},"end":{"line":23,"column":2}},"2":{"start":{"line":25,"column":15},"end":{"line":25,"column":53}},"3":{"start":{"line":27,"column":0},"end":{"line":27,"column":24}}},"fnMap":{},"branchMap":{},"s":{"0":3,"1":3,"2":3,"3":3},"f":{},"b":{},"_coverageSchema":"1a1c01bbd47fc00a2c39e90264f33305004495a9","hash":"75349487e105044a30b6f9f0f8bb28453f3ea8a3"}
,"/home/kalo22/dbwebb-kurser/vteam/server/models/scooter.js": {"path":"/home/kalo22/dbwebb-kurser/vteam/server/models/scooter.js","statementMap":{"0":{"start":{"line":2,"column":17},"end":{"line":2,"column":36}},"1":{"start":{"line":4,"column":22},"end":{"line":18,"column":2}},"2":{"start":{"line":20,"column":16},"end":{"line":20,"column":56}},"3":{"start":{"line":22,"column":0},"end":{"line":22,"column":25}}},"fnMap":{},"branchMap":{},"s":{"0":2,"1":2,"2":2,"3":2},"f":{},"b":{},"_coverageSchema":"1a1c01bbd47fc00a2c39e90264f33305004495a9","hash":"124dece9c321d54e634d7a796663178d1fffb105"}
,"/home/kalo22/dbwebb-kurser/vteam/server/models/station.js": {"path":"/home/kalo22/dbwebb-kurser/vteam/server/models/station.js","statementMap":{"0":{"start":{"line":2,"column":17},"end":{"line":2,"column":36}},"1":{"start":{"line":4,"column":22},"end":{"line":25,"column":2}},"2":{"start":{"line":27,"column":16},"end":{"line":27,"column":56}},"3":{"start":{"line":29,"column":0},"end":{"line":29,"column":25}}},"fnMap":{},"branchMap":{},"s":{"0":3,"1":3,"2":3,"3":3},"f":{},"b":{},"_coverageSchema":"1a1c01bbd47fc00a2c39e90264f33305004495a9","hash":"a82ae235ba93e6c1c1b3624968ff35ea5ed8e077"}
,"/home/kalo22/dbwebb-kurser/vteam/server/models/status.js": {"path":"/home/kalo22/dbwebb-kurser/vteam/server/models/status.js","statementMap":{"0":{"start":{"line":2,"column":17},"end":{"line":2,"column":36}},"1":{"start":{"line":4,"column":21},"end":{"line":8,"column":2}},"2":{"start":{"line":10,"column":15},"end":{"line":10,"column":53}},"3":{"start":{"line":12,"column":0},"end":{"line":12,"column":24}}},"fnMap":{},"branchMap":{},"s":{"0":3,"1":3,"2":3,"3":3},"f":{},"b":{},"_coverageSchema":"1a1c01bbd47fc00a2c39e90264f33305004495a9","hash":"7cf17e6a442e0660604b0a8f77b6e9615483e66e"}
,"/home/kalo22/dbwebb-kurser/vteam/server/models/user.js": {"path":"/home/kalo22/dbwebb-kurser/vteam/server/models/user.js","statementMap":{"0":{"start":{"line":2,"column":17},"end":{"line":2,"column":36}},"1":{"start":{"line":4,"column":19},"end":{"line":19,"column":2}},"2":{"start":{"line":21,"column":13},"end":{"line":21,"column":47}},"3":{"start":{"line":23,"column":0},"end":{"line":23,"column":22}}},"fnMap":{},"branchMap":{},"s":{"0":3,"1":3,"2":3,"3":3},"f":{},"b":{},"_coverageSchema":"1a1c01bbd47fc00a2c39e90264f33305004495a9","hash":"150d877fabac8ebb3e3309e2777027d053a42b18"}
,"/home/kalo22/dbwebb-kurser/vteam/server/routes/v1CityRoutes.js": {"path":"/home/kalo22/dbwebb-kurser/vteam/server/routes/v1CityRoutes.js","statementMap":{"0":{"start":{"line":3,"column":16},"end":{"line":3,"column":34}},"1":{"start":{"line":4,"column":36},"end":{"line":4,"column":64}},"2":{"start":{"line":5,"column":15},"end":{"line":5,"column":31}},"3":{"start":{"line":6,"column":24},"end":{"line":6,"column":46}},"4":{"start":{"line":7,"column":13},"end":{"line":7,"column":41}},"5":{"start":{"line":8,"column":30},"end":{"line":8,"column":49}},"6":{"start":{"line":11,"column":21},"end":{"line":12,"column":51}},"7":{"start":{"line":11,"column":29},"end":{"line":12,"column":51}},"8":{"start":{"line":12,"column":4},"end":{"line":12,"column":51}},"9":{"start":{"line":31,"column":0},"end":{"line":37,"column":4}},"10":{"start":{"line":32,"column":19},"end":{"line":32,"column":36}},"11":{"start":{"line":33,"column":4},"end":{"line":35,"column":5}},"12":{"start":{"line":34,"column":8},"end":{"line":34,"column":87}},"13":{"start":{"line":36,"column":4},"end":{"line":36,"column":90}},"14":{"start":{"line":66,"column":0},"end":{"line":81,"column":4}},"15":{"start":{"line":67,"column":15},"end":{"line":67,"column":28}},"16":{"start":{"line":70,"column":4},"end":{"line":74,"column":5}},"17":{"start":{"line":71,"column":8},"end":{"line":71,"column":39}},"18":{"start":{"line":73,"column":8},"end":{"line":73,"column":48}},"19":{"start":{"line":76,"column":4},"end":{"line":78,"column":5}},"20":{"start":{"line":77,"column":8},"end":{"line":77,"column":85}},"21":{"start":{"line":80,"column":4},"end":{"line":80,"column":86}},"22":{"start":{"line":103,"column":0},"end":{"line":106,"column":4}},"23":{"start":{"line":104,"column":19},"end":{"line":104,"column":42}},"24":{"start":{"line":105,"column":4},"end":{"line":105,"column":119}},"25":{"start":{"line":108,"column":0},"end":{"line":108,"column":24}}},"fnMap":{"0":{"name":"(anonymous_0)","decl":{"start":{"line":11,"column":21},"end":{"line":11,"column":22}},"loc":{"start":{"line":11,"column":29},"end":{"line":12,"column":51}},"line":11},"1":{"name":"(anonymous_1)","decl":{"start":{"line":11,"column":29},"end":{"line":11,"column":30}},"loc":{"start":{"line":12,"column":4},"end":{"line":12,"column":51}},"line":12},"2":{"name":"(anonymous_2)","decl":{"start":{"line":31,"column":29},"end":{"line":31,"column":30}},"loc":{"start":{"line":31,"column":49},"end":{"line":37,"column":1}},"line":31},"3":{"name":"(anonymous_3)","decl":{"start":{"line":66,"column":32},"end":{"line":66,"column":33}},"loc":{"start":{"line":66,"column":52},"end":{"line":81,"column":1}},"line":66},"4":{"name":"(anonymous_4)","decl":{"start":{"line":103,"column":32},"end":{"line":103,"column":33}},"loc":{"start":{"line":103,"column":52},"end":{"line":106,"column":1}},"line":103}},"branchMap":{"0":{"loc":{"start":{"line":33,"column":4},"end":{"line":35,"column":5}},"type":"if","locations":[{"start":{"line":33,"column":4},"end":{"line":35,"column":5}},{"start":{},"end":{}}],"line":33},"1":{"loc":{"start":{"line":70,"column":4},"end":{"line":74,"column":5}},"type":"if","locations":[{"start":{"line":70,"column":4},"end":{"line":74,"column":5}},{"start":{"line":72,"column":11},"end":{"line":74,"column":5}}],"line":70},"2":{"loc":{"start":{"line":76,"column":4},"end":{"line":78,"column":5}},"type":"if","locations":[{"start":{"line":76,"column":4},"end":{"line":78,"column":5}},{"start":{},"end":{}}],"line":76}},"s":{"0":3,"1":3,"2":3,"3":3,"4":3,"5":3,"6":3,"7":9,"8":7,"9":3,"10":2,"11":2,"12":1,"13":1,"14":3,"15":3,"16":3,"17":1,"18":2,"19":3,"20":1,"21":2,"22":3,"23":2,"24":2,"25":3},"f":{"0":9,"1":7,"2":2,"3":3,"4":2},"b":{"0":[1,1],"1":[1,2],"2":[1,2]},"_coverageSchema":"1a1c01bbd47fc00a2c39e90264f33305004495a9","hash":"b78b1673f233d3300b59faa4983bb95ea58ea43c"}
,"/home/kalo22/dbwebb-kurser/vteam/server/routes/v1LogRoutes.js": {"path":"/home/kalo22/dbwebb-kurser/vteam/server/routes/v1LogRoutes.js","statementMap":{"0":{"start":{"line":3,"column":16},"end":{"line":3,"column":34}},"1":{"start":{"line":4,"column":35},"end":{"line":4,"column":63}},"2":{"start":{"line":5,"column":15},"end":{"line":5,"column":31}},"3":{"start":{"line":6,"column":37},"end":{"line":6,"column":59}},"4":{"start":{"line":7,"column":12},"end":{"line":7,"column":39}},"5":{"start":{"line":8,"column":16},"end":{"line":8,"column":47}},"6":{"start":{"line":9,"column":37},"end":{"line":9,"column":56}},"7":{"start":{"line":10,"column":21},"end":{"line":10,"column":49}},"8":{"start":{"line":13,"column":24},"end":{"line":25,"column":1}},"9":{"start":{"line":14,"column":4},"end":{"line":24,"column":6}},"10":{"start":{"line":18,"column":27},"end":{"line":18,"column":48}},"11":{"start":{"line":19,"column":12},"end":{"line":21,"column":13}},"12":{"start":{"line":20,"column":16},"end":{"line":20,"column":91}},"13":{"start":{"line":22,"column":12},"end":{"line":22,"column":19}},"14":{"start":{"line":28,"column":21},"end":{"line":29,"column":51}},"15":{"start":{"line":28,"column":29},"end":{"line":29,"column":51}},"16":{"start":{"line":29,"column":4},"end":{"line":29,"column":51}},"17":{"start":{"line":49,"column":0},"end":{"line":56,"column":4}},"18":{"start":{"line":50,"column":4},"end":{"line":55,"column":5}},"19":{"start":{"line":51,"column":21},"end":{"line":51,"column":37}},"20":{"start":{"line":52,"column":8},"end":{"line":52,"column":90}},"21":{"start":{"line":54,"column":8},"end":{"line":54,"column":73}},"22":{"start":{"line":82,"column":0},"end":{"line":98,"column":4}},"23":{"start":{"line":83,"column":19},"end":{"line":94,"column":6}},"24":{"start":{"line":96,"column":21},"end":{"line":96,"column":40}},"25":{"start":{"line":97,"column":4},"end":{"line":97,"column":85}},"26":{"start":{"line":120,"column":0},"end":{"line":123,"column":4}},"27":{"start":{"line":121,"column":19},"end":{"line":121,"column":41}},"28":{"start":{"line":122,"column":4},"end":{"line":122,"column":117}},"29":{"start":{"line":148,"column":0},"end":{"line":157,"column":4}},"30":{"start":{"line":149,"column":15},"end":{"line":149,"column":28}},"31":{"start":{"line":150,"column":16},"end":{"line":150,"column":38}},"32":{"start":{"line":152,"column":4},"end":{"line":154,"column":5}},"33":{"start":{"line":153,"column":8},"end":{"line":153,"column":84}},"34":{"start":{"line":156,"column":4},"end":{"line":156,"column":84}},"35":{"start":{"line":199,"column":0},"end":{"line":234,"column":2}},"36":{"start":{"line":201,"column":8},"end":{"line":232,"column":9}},"37":{"start":{"line":202,"column":23},"end":{"line":202,"column":36}},"38":{"start":{"line":203,"column":22},"end":{"line":203,"column":44}},"39":{"start":{"line":205,"column":12},"end":{"line":207,"column":13}},"40":{"start":{"line":206,"column":16},"end":{"line":206,"column":92}},"41":{"start":{"line":221,"column":28},"end":{"line":221,"column":63}},"42":{"start":{"line":223,"column":12},"end":{"line":226,"column":15}},"43":{"start":{"line":228,"column":31},"end":{"line":228,"column":47}},"44":{"start":{"line":229,"column":12},"end":{"line":229,"column":97}},"45":{"start":{"line":231,"column":12},"end":{"line":231,"column":77}},"46":{"start":{"line":255,"column":0},"end":{"line":269,"column":4}},"47":{"start":{"line":256,"column":4},"end":{"line":268,"column":5}},"48":{"start":{"line":257,"column":19},"end":{"line":257,"column":32}},"49":{"start":{"line":258,"column":23},"end":{"line":258,"column":55}},"50":{"start":{"line":260,"column":8},"end":{"line":262,"column":9}},"51":{"start":{"line":261,"column":12},"end":{"line":261,"column":107}},"52":{"start":{"line":264,"column":8},"end":{"line":264,"column":120}},"53":{"start":{"line":267,"column":8},"end":{"line":267,"column":73}},"54":{"start":{"line":271,"column":0},"end":{"line":271,"column":24}}},"fnMap":{"0":{"name":"(anonymous_0)","decl":{"start":{"line":13,"column":24},"end":{"line":13,"column":25}},"loc":{"start":{"line":13,"column":37},"end":{"line":25,"column":1}},"line":13},"1":{"name":"(anonymous_1)","decl":{"start":{"line":17,"column":8},"end":{"line":17,"column":9}},"loc":{"start":{"line":17,"column":28},"end":{"line":23,"column":9}},"line":17},"2":{"name":"(anonymous_2)","decl":{"start":{"line":28,"column":21},"end":{"line":28,"column":22}},"loc":{"start":{"line":28,"column":29},"end":{"line":29,"column":51}},"line":28},"3":{"name":"(anonymous_3)","decl":{"start":{"line":28,"column":29},"end":{"line":28,"column":30}},"loc":{"start":{"line":29,"column":4},"end":{"line":29,"column":51}},"line":29},"4":{"name":"(anonymous_4)","decl":{"start":{"line":49,"column":29},"end":{"line":49,"column":30}},"loc":{"start":{"line":49,"column":49},"end":{"line":56,"column":1}},"line":49},"5":{"name":"(anonymous_5)","decl":{"start":{"line":82,"column":56},"end":{"line":82,"column":57}},"loc":{"start":{"line":82,"column":76},"end":{"line":98,"column":1}},"line":82},"6":{"name":"(anonymous_6)","decl":{"start":{"line":120,"column":32},"end":{"line":120,"column":33}},"loc":{"start":{"line":120,"column":52},"end":{"line":123,"column":1}},"line":120},"7":{"name":"(anonymous_7)","decl":{"start":{"line":148,"column":32},"end":{"line":148,"column":33}},"loc":{"start":{"line":148,"column":52},"end":{"line":157,"column":1}},"line":148},"8":{"name":"(anonymous_8)","decl":{"start":{"line":200,"column":17},"end":{"line":200,"column":18}},"loc":{"start":{"line":200,"column":37},"end":{"line":233,"column":5}},"line":200},"9":{"name":"(anonymous_9)","decl":{"start":{"line":255,"column":35},"end":{"line":255,"column":36}},"loc":{"start":{"line":255,"column":55},"end":{"line":269,"column":1}},"line":255}},"branchMap":{"0":{"loc":{"start":{"line":19,"column":12},"end":{"line":21,"column":13}},"type":"if","locations":[{"start":{"line":19,"column":12},"end":{"line":21,"column":13}},{"start":{},"end":{}}],"line":19},"1":{"loc":{"start":{"line":88,"column":22},"end":{"line":91,"column":9}},"type":"binary-expr","locations":[{"start":{"line":88,"column":22},"end":{"line":88,"column":43}},{"start":{"line":88,"column":47},"end":{"line":91,"column":9}}],"line":88},"2":{"loc":{"start":{"line":92,"column":19},"end":{"line":92,"column":45}},"type":"binary-expr","locations":[{"start":{"line":92,"column":19},"end":{"line":92,"column":37}},{"start":{"line":92,"column":41},"end":{"line":92,"column":45}}],"line":92},"3":{"loc":{"start":{"line":93,"column":17},"end":{"line":93,"column":41}},"type":"binary-expr","locations":[{"start":{"line":93,"column":17},"end":{"line":93,"column":33}},{"start":{"line":93,"column":37},"end":{"line":93,"column":41}}],"line":93},"4":{"loc":{"start":{"line":152,"column":4},"end":{"line":154,"column":5}},"type":"if","locations":[{"start":{"line":152,"column":4},"end":{"line":154,"column":5}},{"start":{},"end":{}}],"line":152},"5":{"loc":{"start":{"line":205,"column":12},"end":{"line":207,"column":13}},"type":"if","locations":[{"start":{"line":205,"column":12},"end":{"line":207,"column":13}},{"start":{},"end":{}}],"line":205},"6":{"loc":{"start":{"line":221,"column":28},"end":{"line":221,"column":63}},"type":"cond-expr","locations":[{"start":{"line":221,"column":43},"end":{"line":221,"column":57}},{"start":{"line":221,"column":60},"end":{"line":221,"column":63}}],"line":221},"7":{"loc":{"start":{"line":260,"column":8},"end":{"line":262,"column":9}},"type":"if","locations":[{"start":{"line":260,"column":8},"end":{"line":262,"column":9}},{"start":{},"end":{}}],"line":260}},"s":{"0":3,"1":3,"2":3,"3":3,"4":3,"5":3,"6":3,"7":3,"8":3,"9":3,"10":2,"11":2,"12":1,"13":1,"14":3,"15":18,"16":12,"17":3,"18":2,"19":2,"20":1,"21":1,"22":3,"23":1,"24":1,"25":1,"26":3,"27":1,"28":1,"29":3,"30":2,"31":2,"32":2,"33":1,"34":1,"35":3,"36":3,"37":3,"38":3,"39":2,"40":1,"41":1,"42":1,"43":1,"44":1,"45":1,"46":3,"47":3,"48":3,"49":3,"50":2,"51":1,"52":1,"53":1,"54":3},"f":{"0":3,"1":2,"2":18,"3":12,"4":2,"5":1,"6":1,"7":2,"8":3,"9":3},"b":{"0":[1,1],"1":[1,0],"2":[1,0],"3":[1,0],"4":[1,1],"5":[1,1],"6":[0,1],"7":[1,1]},"_coverageSchema":"1a1c01bbd47fc00a2c39e90264f33305004495a9","hash":"5e3dcd40f04658b59c061efb47c08120d571f28c"}
,"/home/kalo22/dbwebb-kurser/vteam/server/routes/v1RentalRoutes.js": {"path":"/home/kalo22/dbwebb-kurser/vteam/server/routes/v1RentalRoutes.js","statementMap":{"0":{"start":{"line":3,"column":16},"end":{"line":3,"column":34}},"1":{"start":{"line":4,"column":42},"end":{"line":4,"column":70}},"2":{"start":{"line":5,"column":15},"end":{"line":5,"column":31}},"3":{"start":{"line":6,"column":50},"end":{"line":6,"column":72}},"4":{"start":{"line":7,"column":15},"end":{"line":7,"column":45}},"5":{"start":{"line":8,"column":13},"end":{"line":8,"column":41}},"6":{"start":{"line":9,"column":30},"end":{"line":9,"column":49}},"7":{"start":{"line":12,"column":27},"end":{"line":21,"column":1}},"8":{"start":{"line":15,"column":23},"end":{"line":15,"column":44}},"9":{"start":{"line":16,"column":8},"end":{"line":18,"column":9}},"10":{"start":{"line":17,"column":12},"end":{"line":17,"column":87}},"11":{"start":{"line":19,"column":8},"end":{"line":19,"column":15}},"12":{"start":{"line":24,"column":21},"end":{"line":25,"column":51}},"13":{"start":{"line":24,"column":29},"end":{"line":25,"column":51}},"14":{"start":{"line":25,"column":4},"end":{"line":25,"column":51}},"15":{"start":{"line":45,"column":0},"end":{"line":48,"column":4}},"16":{"start":{"line":46,"column":20},"end":{"line":46,"column":39}},"17":{"start":{"line":47,"column":4},"end":{"line":47,"column":92}},"18":{"start":{"line":62,"column":0},"end":{"line":65,"column":4}},"19":{"start":{"line":63,"column":19},"end":{"line":63,"column":44}},"20":{"start":{"line":64,"column":4},"end":{"line":64,"column":120}},"21":{"start":{"line":97,"column":0},"end":{"line":133,"column":4}},"22":{"start":{"line":98,"column":20},"end":{"line":98,"column":60}},"23":{"start":{"line":99,"column":4},"end":{"line":103,"column":5}},"24":{"start":{"line":100,"column":25},"end":{"line":100,"column":75}},"25":{"start":{"line":101,"column":8},"end":{"line":101,"column":55}},"26":{"start":{"line":102,"column":8},"end":{"line":102,"column":15}},"27":{"start":{"line":106,"column":4},"end":{"line":110,"column":5}},"28":{"start":{"line":107,"column":8},"end":{"line":107,"column":55}},"29":{"start":{"line":109,"column":8},"end":{"line":109,"column":67}},"30":{"start":{"line":111,"column":4},"end":{"line":115,"column":5}},"31":{"start":{"line":112,"column":25},"end":{"line":112,"column":72}},"32":{"start":{"line":113,"column":8},"end":{"line":113,"column":55}},"33":{"start":{"line":114,"column":8},"end":{"line":114,"column":15}},"34":{"start":{"line":117,"column":22},"end":{"line":129,"column":6}},"35":{"start":{"line":131,"column":19},"end":{"line":131,"column":41}},"36":{"start":{"line":132,"column":4},"end":{"line":132,"column":86}},"37":{"start":{"line":153,"column":0},"end":{"line":163,"column":4}},"38":{"start":{"line":154,"column":19},"end":{"line":154,"column":55}},"39":{"start":{"line":156,"column":4},"end":{"line":160,"column":5}},"40":{"start":{"line":157,"column":25},"end":{"line":157,"column":74}},"41":{"start":{"line":158,"column":8},"end":{"line":158,"column":55}},"42":{"start":{"line":159,"column":8},"end":{"line":159,"column":15}},"43":{"start":{"line":162,"column":4},"end":{"line":162,"column":90}},"44":{"start":{"line":189,"column":0},"end":{"line":203,"column":4}},"45":{"start":{"line":190,"column":4},"end":{"line":202,"column":5}},"46":{"start":{"line":191,"column":23},"end":{"line":191,"column":59}},"47":{"start":{"line":192,"column":8},"end":{"line":194,"column":9}},"48":{"start":{"line":193,"column":12},"end":{"line":193,"column":91}},"49":{"start":{"line":196,"column":8},"end":{"line":196,"column":29}},"50":{"start":{"line":197,"column":30},"end":{"line":197,"column":49}},"51":{"start":{"line":198,"column":8},"end":{"line":198,"column":99}},"52":{"start":{"line":201,"column":8},"end":{"line":201,"column":85}},"53":{"start":{"line":223,"column":0},"end":{"line":233,"column":4}},"54":{"start":{"line":224,"column":19},"end":{"line":224,"column":65}},"55":{"start":{"line":226,"column":4},"end":{"line":230,"column":5}},"56":{"start":{"line":227,"column":25},"end":{"line":227,"column":74}},"57":{"start":{"line":228,"column":8},"end":{"line":228,"column":55}},"58":{"start":{"line":229,"column":8},"end":{"line":229,"column":15}},"59":{"start":{"line":232,"column":4},"end":{"line":232,"column":119}},"60":{"start":{"line":235,"column":0},"end":{"line":235,"column":24}}},"fnMap":{"0":{"name":"(anonymous_0)","decl":{"start":{"line":14,"column":4},"end":{"line":14,"column":5}},"loc":{"start":{"line":14,"column":24},"end":{"line":20,"column":5}},"line":14},"1":{"name":"(anonymous_1)","decl":{"start":{"line":24,"column":21},"end":{"line":24,"column":22}},"loc":{"start":{"line":24,"column":29},"end":{"line":25,"column":51}},"line":24},"2":{"name":"(anonymous_2)","decl":{"start":{"line":24,"column":29},"end":{"line":24,"column":30}},"loc":{"start":{"line":25,"column":4},"end":{"line":25,"column":51}},"line":25},"3":{"name":"(anonymous_3)","decl":{"start":{"line":45,"column":29},"end":{"line":45,"column":30}},"loc":{"start":{"line":45,"column":49},"end":{"line":48,"column":1}},"line":45},"4":{"name":"(anonymous_4)","decl":{"start":{"line":62,"column":32},"end":{"line":62,"column":33}},"loc":{"start":{"line":62,"column":52},"end":{"line":65,"column":1}},"line":62},"5":{"name":"(anonymous_5)","decl":{"start":{"line":97,"column":71},"end":{"line":97,"column":72}},"loc":{"start":{"line":97,"column":91},"end":{"line":133,"column":1}},"line":97},"6":{"name":"(anonymous_6)","decl":{"start":{"line":153,"column":32},"end":{"line":153,"column":33}},"loc":{"start":{"line":153,"column":52},"end":{"line":163,"column":1}},"line":153},"7":{"name":"(anonymous_7)","decl":{"start":{"line":189,"column":32},"end":{"line":189,"column":33}},"loc":{"start":{"line":189,"column":52},"end":{"line":203,"column":1}},"line":189},"8":{"name":"(anonymous_8)","decl":{"start":{"line":223,"column":35},"end":{"line":223,"column":36}},"loc":{"start":{"line":223,"column":55},"end":{"line":233,"column":1}},"line":223}},"branchMap":{"0":{"loc":{"start":{"line":16,"column":8},"end":{"line":18,"column":9}},"type":"if","locations":[{"start":{"line":16,"column":8},"end":{"line":18,"column":9}},{"start":{},"end":{}}],"line":16},"1":{"loc":{"start":{"line":99,"column":4},"end":{"line":103,"column":5}},"type":"if","locations":[{"start":{"line":99,"column":4},"end":{"line":103,"column":5}},{"start":{},"end":{}}],"line":99},"2":{"loc":{"start":{"line":106,"column":4},"end":{"line":110,"column":5}},"type":"if","locations":[{"start":{"line":106,"column":4},"end":{"line":110,"column":5}},{"start":{"line":108,"column":11},"end":{"line":110,"column":5}}],"line":106},"3":{"loc":{"start":{"line":111,"column":4},"end":{"line":115,"column":5}},"type":"if","locations":[{"start":{"line":111,"column":4},"end":{"line":115,"column":5}},{"start":{},"end":{}}],"line":111},"4":{"loc":{"start":{"line":125,"column":14},"end":{"line":125,"column":32}},"type":"binary-expr","locations":[{"start":{"line":125,"column":14},"end":{"line":125,"column":27}},{"start":{"line":125,"column":31},"end":{"line":125,"column":32}}],"line":125},"5":{"loc":{"start":{"line":126,"column":15},"end":{"line":126,"column":38}},"type":"binary-expr","locations":[{"start":{"line":126,"column":15},"end":{"line":126,"column":29}},{"start":{"line":126,"column":33},"end":{"line":126,"column":38}}],"line":126},"6":{"loc":{"start":{"line":127,"column":20},"end":{"line":127,"column":53}},"type":"binary-expr","locations":[{"start":{"line":127,"column":20},"end":{"line":127,"column":39}},{"start":{"line":127,"column":43},"end":{"line":127,"column":53}}],"line":127},"7":{"loc":{"start":{"line":128,"column":18},"end":{"line":128,"column":43}},"type":"binary-expr","locations":[{"start":{"line":128,"column":18},"end":{"line":128,"column":35}},{"start":{"line":128,"column":39},"end":{"line":128,"column":43}}],"line":128},"8":{"loc":{"start":{"line":156,"column":4},"end":{"line":160,"column":5}},"type":"if","locations":[{"start":{"line":156,"column":4},"end":{"line":160,"column":5}},{"start":{},"end":{}}],"line":156},"9":{"loc":{"start":{"line":192,"column":8},"end":{"line":194,"column":9}},"type":"if","locations":[{"start":{"line":192,"column":8},"end":{"line":194,"column":9}},{"start":{},"end":{}}],"line":192},"10":{"loc":{"start":{"line":226,"column":4},"end":{"line":230,"column":5}},"type":"if","locations":[{"start":{"line":226,"column":4},"end":{"line":230,"column":5}},{"start":{},"end":{}}],"line":226}},"s":{"0":3,"1":3,"2":3,"3":3,"4":3,"5":3,"6":3,"7":3,"8":5,"9":5,"10":1,"11":4,"12":3,"13":18,"14":13,"15":3,"16":1,"17":1,"18":3,"19":1,"20":1,"21":3,"22":4,"23":4,"24":1,"25":1,"26":1,"27":3,"28":2,"29":1,"30":3,"31":1,"32":1,"33":1,"34":2,"35":2,"36":2,"37":3,"38":2,"39":2,"40":1,"41":1,"42":1,"43":1,"44":3,"45":3,"46":3,"47":3,"48":1,"49":2,"50":2,"51":1,"52":1,"53":3,"54":2,"55":2,"56":1,"57":1,"58":1,"59":1,"60":3},"f":{"0":5,"1":18,"2":13,"3":1,"4":1,"5":4,"6":2,"7":3,"8":2},"b":{"0":[1,4],"1":[1,3],"2":[2,1],"3":[1,2],"4":[2,2],"5":[2,2],"6":[2,2],"7":[2,2],"8":[1,1],"9":[1,2],"10":[1,1]},"_coverageSchema":"1a1c01bbd47fc00a2c39e90264f33305004495a9","hash":"96c7b00f7c0cc63ccb79f492d3cd6e97c03fe6a3"}
,"/home/kalo22/dbwebb-kurser/vteam/server/routes/v1ScooterRoutes.js": {"path":"/home/kalo22/dbwebb-kurser/vteam/server/routes/v1ScooterRoutes.js","statementMap":{"0":{"start":{"line":3,"column":16},"end":{"line":3,"column":34}},"1":{"start":{"line":4,"column":42},"end":{"line":4,"column":70}},"2":{"start":{"line":5,"column":15},"end":{"line":5,"column":31}},"3":{"start":{"line":6,"column":37},"end":{"line":6,"column":59}},"4":{"start":{"line":7,"column":16},"end":{"line":7,"column":47}},"5":{"start":{"line":8,"column":16},"end":{"line":8,"column":47}},"6":{"start":{"line":9,"column":30},"end":{"line":9,"column":49}},"7":{"start":{"line":12,"column":28},"end":{"line":23,"column":1}},"8":{"start":{"line":17,"column":23},"end":{"line":17,"column":44}},"9":{"start":{"line":18,"column":8},"end":{"line":20,"column":9}},"10":{"start":{"line":19,"column":12},"end":{"line":19,"column":87}},"11":{"start":{"line":21,"column":8},"end":{"line":21,"column":15}},"12":{"start":{"line":26,"column":22},"end":{"line":35,"column":1}},"13":{"start":{"line":26,"column":37},"end":{"line":35,"column":1}},"14":{"start":{"line":29,"column":23},"end":{"line":29,"column":44}},"15":{"start":{"line":30,"column":8},"end":{"line":32,"column":9}},"16":{"start":{"line":31,"column":12},"end":{"line":31,"column":87}},"17":{"start":{"line":33,"column":8},"end":{"line":33,"column":15}},"18":{"start":{"line":38,"column":21},"end":{"line":39,"column":51}},"19":{"start":{"line":38,"column":29},"end":{"line":39,"column":51}},"20":{"start":{"line":39,"column":4},"end":{"line":39,"column":51}},"21":{"start":{"line":58,"column":0},"end":{"line":61,"column":4}},"22":{"start":{"line":59,"column":21},"end":{"line":59,"column":41}},"23":{"start":{"line":60,"column":4},"end":{"line":60,"column":94}},"24":{"start":{"line":80,"column":0},"end":{"line":120,"column":4}},"25":{"start":{"line":81,"column":18},"end":{"line":81,"column":22}},"26":{"start":{"line":82,"column":4},"end":{"line":88,"column":5}},"27":{"start":{"line":83,"column":8},"end":{"line":83,"column":82}},"28":{"start":{"line":85,"column":8},"end":{"line":87,"column":9}},"29":{"start":{"line":86,"column":12},"end":{"line":86,"column":92}},"30":{"start":{"line":90,"column":23},"end":{"line":104,"column":6}},"31":{"start":{"line":106,"column":4},"end":{"line":116,"column":5}},"32":{"start":{"line":107,"column":8},"end":{"line":111,"column":10}},"33":{"start":{"line":112,"column":8},"end":{"line":115,"column":9}},"34":{"start":{"line":113,"column":12},"end":{"line":113,"column":59}},"35":{"start":{"line":114,"column":12},"end":{"line":114,"column":59}},"36":{"start":{"line":118,"column":25},"end":{"line":118,"column":48}},"37":{"start":{"line":119,"column":4},"end":{"line":119,"column":93}},"38":{"start":{"line":134,"column":0},"end":{"line":137,"column":4}},"39":{"start":{"line":135,"column":19},"end":{"line":135,"column":45}},"40":{"start":{"line":136,"column":4},"end":{"line":136,"column":121}},"41":{"start":{"line":157,"column":0},"end":{"line":166,"column":4}},"42":{"start":{"line":158,"column":15},"end":{"line":158,"column":28}},"43":{"start":{"line":159,"column":20},"end":{"line":159,"column":46}},"44":{"start":{"line":161,"column":4},"end":{"line":163,"column":5}},"45":{"start":{"line":162,"column":8},"end":{"line":162,"column":88}},"46":{"start":{"line":165,"column":4},"end":{"line":165,"column":92}},"47":{"start":{"line":192,"column":0},"end":{"line":224,"column":4}},"48":{"start":{"line":193,"column":20},"end":{"line":193,"column":57}},"49":{"start":{"line":195,"column":4},"end":{"line":197,"column":5}},"50":{"start":{"line":196,"column":8},"end":{"line":196,"column":88}},"51":{"start":{"line":198,"column":4},"end":{"line":219,"column":5}},"52":{"start":{"line":199,"column":8},"end":{"line":218,"column":9}},"53":{"start":{"line":200,"column":12},"end":{"line":204,"column":14}},"54":{"start":{"line":206,"column":28},"end":{"line":206,"column":91}},"55":{"start":{"line":208,"column":12},"end":{"line":210,"column":13}},"56":{"start":{"line":209,"column":16},"end":{"line":209,"column":96}},"57":{"start":{"line":211,"column":30},"end":{"line":211,"column":52}},"58":{"start":{"line":213,"column":12},"end":{"line":217,"column":14}},"59":{"start":{"line":220,"column":4},"end":{"line":220,"column":26}},"60":{"start":{"line":221,"column":27},"end":{"line":221,"column":47}},"61":{"start":{"line":223,"column":4},"end":{"line":223,"column":97}},"62":{"start":{"line":244,"column":0},"end":{"line":252,"column":4}},"63":{"start":{"line":245,"column":19},"end":{"line":245,"column":66}},"64":{"start":{"line":247,"column":4},"end":{"line":249,"column":5}},"65":{"start":{"line":248,"column":8},"end":{"line":248,"column":107}},"66":{"start":{"line":251,"column":4},"end":{"line":251,"column":120}},"67":{"start":{"line":254,"column":0},"end":{"line":254,"column":24}}},"fnMap":{"0":{"name":"(anonymous_0)","decl":{"start":{"line":16,"column":4},"end":{"line":16,"column":5}},"loc":{"start":{"line":16,"column":24},"end":{"line":22,"column":5}},"line":16},"1":{"name":"(anonymous_1)","decl":{"start":{"line":26,"column":22},"end":{"line":26,"column":23}},"loc":{"start":{"line":26,"column":37},"end":{"line":35,"column":1}},"line":26},"2":{"name":"(anonymous_2)","decl":{"start":{"line":28,"column":4},"end":{"line":28,"column":5}},"loc":{"start":{"line":28,"column":24},"end":{"line":34,"column":5}},"line":28},"3":{"name":"(anonymous_3)","decl":{"start":{"line":38,"column":21},"end":{"line":38,"column":22}},"loc":{"start":{"line":38,"column":29},"end":{"line":39,"column":51}},"line":38},"4":{"name":"(anonymous_4)","decl":{"start":{"line":38,"column":29},"end":{"line":38,"column":30}},"loc":{"start":{"line":39,"column":4},"end":{"line":39,"column":51}},"line":39},"5":{"name":"(anonymous_5)","decl":{"start":{"line":58,"column":29},"end":{"line":58,"column":30}},"loc":{"start":{"line":58,"column":49},"end":{"line":61,"column":1}},"line":58},"6":{"name":"(anonymous_6)","decl":{"start":{"line":80,"column":51},"end":{"line":80,"column":52}},"loc":{"start":{"line":80,"column":71},"end":{"line":120,"column":1}},"line":80},"7":{"name":"(anonymous_7)","decl":{"start":{"line":134,"column":32},"end":{"line":134,"column":33}},"loc":{"start":{"line":134,"column":52},"end":{"line":137,"column":1}},"line":134},"8":{"name":"(anonymous_8)","decl":{"start":{"line":157,"column":53},"end":{"line":157,"column":54}},"loc":{"start":{"line":157,"column":73},"end":{"line":166,"column":1}},"line":157},"9":{"name":"(anonymous_9)","decl":{"start":{"line":192,"column":53},"end":{"line":192,"column":54}},"loc":{"start":{"line":192,"column":73},"end":{"line":224,"column":1}},"line":192},"10":{"name":"(anonymous_10)","decl":{"start":{"line":244,"column":56},"end":{"line":244,"column":57}},"loc":{"start":{"line":244,"column":76},"end":{"line":252,"column":1}},"line":244}},"branchMap":{"0":{"loc":{"start":{"line":18,"column":8},"end":{"line":20,"column":9}},"type":"if","locations":[{"start":{"line":18,"column":8},"end":{"line":20,"column":9}},{"start":{},"end":{}}],"line":18},"1":{"loc":{"start":{"line":30,"column":8},"end":{"line":32,"column":9}},"type":"if","locations":[{"start":{"line":30,"column":8},"end":{"line":32,"column":9}},{"start":{},"end":{}}],"line":30},"2":{"loc":{"start":{"line":82,"column":4},"end":{"line":88,"column":5}},"type":"if","locations":[{"start":{"line":82,"column":4},"end":{"line":88,"column":5}},{"start":{},"end":{}}],"line":82},"3":{"loc":{"start":{"line":85,"column":8},"end":{"line":87,"column":9}},"type":"if","locations":[{"start":{"line":85,"column":8},"end":{"line":87,"column":9}},{"start":{},"end":{}}],"line":85},"4":{"loc":{"start":{"line":95,"column":18},"end":{"line":95,"column":48}},"type":"binary-expr","locations":[{"start":{"line":95,"column":18},"end":{"line":95,"column":40}},{"start":{"line":95,"column":44},"end":{"line":95,"column":48}}],"line":95},"5":{"loc":{"start":{"line":96,"column":16},"end":{"line":96,"column":36}},"type":"binary-expr","locations":[{"start":{"line":96,"column":16},"end":{"line":96,"column":28}},{"start":{"line":96,"column":32},"end":{"line":96,"column":36}}],"line":96},"6":{"loc":{"start":{"line":97,"column":18},"end":{"line":97,"column":48}},"type":"binary-expr","locations":[{"start":{"line":97,"column":18},"end":{"line":97,"column":40}},{"start":{"line":97,"column":44},"end":{"line":97,"column":48}}],"line":97},"7":{"loc":{"start":{"line":100,"column":17},"end":{"line":100,"column":44}},"type":"binary-expr","locations":[{"start":{"line":100,"column":17},"end":{"line":100,"column":39}},{"start":{"line":100,"column":43},"end":{"line":100,"column":44}}],"line":100},"8":{"loc":{"start":{"line":101,"column":17},"end":{"line":101,"column":44}},"type":"binary-expr","locations":[{"start":{"line":101,"column":17},"end":{"line":101,"column":39}},{"start":{"line":101,"column":43},"end":{"line":101,"column":44}}],"line":101},"9":{"loc":{"start":{"line":103,"column":13},"end":{"line":103,"column":31}},"type":"binary-expr","locations":[{"start":{"line":103,"column":13},"end":{"line":103,"column":25}},{"start":{"line":103,"column":29},"end":{"line":103,"column":31}}],"line":103},"10":{"loc":{"start":{"line":106,"column":4},"end":{"line":116,"column":5}},"type":"if","locations":[{"start":{"line":106,"column":4},"end":{"line":116,"column":5}},{"start":{},"end":{}}],"line":106},"11":{"loc":{"start":{"line":112,"column":8},"end":{"line":115,"column":9}},"type":"if","locations":[{"start":{"line":112,"column":8},"end":{"line":115,"column":9}},{"start":{},"end":{}}],"line":112},"12":{"loc":{"start":{"line":112,"column":12},"end":{"line":112,"column":74}},"type":"binary-expr","locations":[{"start":{"line":112,"column":12},"end":{"line":112,"column":41}},{"start":{"line":112,"column":45},"end":{"line":112,"column":74}}],"line":112},"13":{"loc":{"start":{"line":161,"column":4},"end":{"line":163,"column":5}},"type":"if","locations":[{"start":{"line":161,"column":4},"end":{"line":163,"column":5}},{"start":{},"end":{}}],"line":161},"14":{"loc":{"start":{"line":195,"column":4},"end":{"line":197,"column":5}},"type":"if","locations":[{"start":{"line":195,"column":4},"end":{"line":197,"column":5}},{"start":{},"end":{}}],"line":195},"15":{"loc":{"start":{"line":198,"column":4},"end":{"line":219,"column":5}},"type":"if","locations":[{"start":{"line":198,"column":4},"end":{"line":219,"column":5}},{"start":{},"end":{}}],"line":198},"16":{"loc":{"start":{"line":199,"column":8},"end":{"line":218,"column":9}},"type":"if","locations":[{"start":{"line":199,"column":8},"end":{"line":218,"column":9}},{"start":{"line":205,"column":15},"end":{"line":218,"column":9}}],"line":199},"17":{"loc":{"start":{"line":208,"column":12},"end":{"line":210,"column":13}},"type":"if","locations":[{"start":{"line":208,"column":12},"end":{"line":210,"column":13}},{"start":{},"end":{}}],"line":208},"18":{"loc":{"start":{"line":247,"column":4},"end":{"line":249,"column":5}},"type":"if","locations":[{"start":{"line":247,"column":4},"end":{"line":249,"column":5}},{"start":{},"end":{}}],"line":247}},"s":{"0":3,"1":3,"2":3,"3":3,"4":3,"5":3,"6":3,"7":3,"8":0,"9":0,"10":0,"11":0,"12":3,"13":9,"14":0,"15":0,"16":0,"17":0,"18":3,"19":18,"20":0,"21":3,"22":0,"23":0,"24":3,"25":0,"26":0,"27":0,"28":0,"29":0,"30":0,"31":0,"32":0,"33":0,"34":0,"35":0,"36":0,"37":0,"38":3,"39":0,"40":0,"41":3,"42":0,"43":0,"44":0,"45":0,"46":0,"47":3,"48":0,"49":0,"50":0,"51":0,"52":0,"53":0,"54":0,"55":0,"56":0,"57":0,"58":0,"59":0,"60":0,"61":0,"62":3,"63":0,"64":0,"65":0,"66":0,"67":3},"f":{"0":0,"1":9,"2":0,"3":18,"4":0,"5":0,"6":0,"7":0,"8":0,"9":0,"10":0},"b":{"0":[0,0],"1":[0,0],"2":[0,0],"3":[0,0],"4":[0,0],"5":[0,0],"6":[0,0],"7":[0,0],"8":[0,0],"9":[0,0],"10":[0,0],"11":[0,0],"12":[0,0],"13":[0,0],"14":[0,0],"15":[0,0],"16":[0,0],"17":[0,0],"18":[0,0]},"_coverageSchema":"1a1c01bbd47fc00a2c39e90264f33305004495a9","hash":"3b73a11648103cd42d7157f9ae030cceff5cbabc"}
,"/home/kalo22/dbwebb-kurser/vteam/server/routes/v1StationRoutes.js": {"path":"/home/kalo22/dbwebb-kurser/vteam/server/routes/v1StationRoutes.js","statementMap":{"0":{"start":{"line":3,"column":16},"end":{"line":3,"column":34}},"1":{"start":{"line":4,"column":42},"end":{"line":4,"column":70}},"2":{"start":{"line":5,"column":15},"end":{"line":5,"column":31}},"3":{"start":{"line":6,"column":24},"end":{"line":6,"column":46}},"4":{"start":{"line":7,"column":17},"end":{"line":7,"column":36}},"5":{"start":{"line":9,"column":16},"end":{"line":9,"column":47}},"6":{"start":{"line":10,"column":13},"end":{"line":10,"column":41}},"7":{"start":{"line":11,"column":16},"end":{"line":11,"column":47}},"8":{"start":{"line":14,"column":28},"end":{"line":26,"column":1}},"9":{"start":{"line":20,"column":23},"end":{"line":20,"column":44}},"10":{"start":{"line":21,"column":8},"end":{"line":23,"column":9}},"11":{"start":{"line":22,"column":12},"end":{"line":22,"column":87}},"12":{"start":{"line":24,"column":8},"end":{"line":24,"column":15}},"13":{"start":{"line":29,"column":22},"end":{"line":38,"column":1}},"14":{"start":{"line":29,"column":37},"end":{"line":38,"column":1}},"15":{"start":{"line":32,"column":23},"end":{"line":32,"column":44}},"16":{"start":{"line":33,"column":8},"end":{"line":35,"column":9}},"17":{"start":{"line":34,"column":12},"end":{"line":34,"column":87}},"18":{"start":{"line":36,"column":8},"end":{"line":36,"column":15}},"19":{"start":{"line":41,"column":21},"end":{"line":42,"column":51}},"20":{"start":{"line":41,"column":29},"end":{"line":42,"column":51}},"21":{"start":{"line":42,"column":4},"end":{"line":42,"column":51}},"22":{"start":{"line":62,"column":0},"end":{"line":65,"column":4}},"23":{"start":{"line":63,"column":21},"end":{"line":63,"column":41}},"24":{"start":{"line":64,"column":4},"end":{"line":64,"column":94}},"25":{"start":{"line":89,"column":0},"end":{"line":130,"column":4}},"26":{"start":{"line":90,"column":47},"end":{"line":90,"column":55}},"27":{"start":{"line":92,"column":22},"end":{"line":92,"column":24}},"28":{"start":{"line":93,"column":4},"end":{"line":104,"column":5}},"29":{"start":{"line":94,"column":30},"end":{"line":94,"column":61}},"30":{"start":{"line":95,"column":8},"end":{"line":97,"column":9}},"31":{"start":{"line":96,"column":12},"end":{"line":96,"column":92}},"32":{"start":{"line":98,"column":27},"end":{"line":102,"column":9}},"33":{"start":{"line":103,"column":8},"end":{"line":103,"column":37}},"34":{"start":{"line":106,"column":22},"end":{"line":106,"column":24}},"35":{"start":{"line":107,"column":4},"end":{"line":111,"column":5}},"36":{"start":{"line":108,"column":8},"end":{"line":108,"column":51}},"37":{"start":{"line":110,"column":8},"end":{"line":110,"column":62}},"38":{"start":{"line":113,"column":4},"end":{"line":115,"column":5}},"39":{"start":{"line":114,"column":8},"end":{"line":114,"column":85}},"40":{"start":{"line":117,"column":23},"end":{"line":125,"column":6}},"41":{"start":{"line":126,"column":4},"end":{"line":126,"column":28}},"42":{"start":{"line":128,"column":20},"end":{"line":128,"column":43}},"43":{"start":{"line":129,"column":4},"end":{"line":129,"column":88}},"44":{"start":{"line":134,"column":0},"end":{"line":138,"column":4}},"45":{"start":{"line":135,"column":19},"end":{"line":135,"column":45}},"46":{"start":{"line":137,"column":4},"end":{"line":137,"column":121}},"47":{"start":{"line":163,"column":0},"end":{"line":176,"column":4}},"48":{"start":{"line":165,"column":4},"end":{"line":169,"column":5}},"49":{"start":{"line":166,"column":8},"end":{"line":166,"column":56}},"50":{"start":{"line":168,"column":8},"end":{"line":168,"column":65}},"51":{"start":{"line":171,"column":4},"end":{"line":173,"column":5}},"52":{"start":{"line":172,"column":8},"end":{"line":172,"column":88}},"53":{"start":{"line":175,"column":4},"end":{"line":175,"column":92}},"54":{"start":{"line":203,"column":0},"end":{"line":291,"column":4}},"55":{"start":{"line":204,"column":15},"end":{"line":204,"column":28}},"56":{"start":{"line":205,"column":20},"end":{"line":205,"column":46}},"57":{"start":{"line":207,"column":4},"end":{"line":209,"column":5}},"58":{"start":{"line":208,"column":8},"end":{"line":208,"column":88}},"59":{"start":{"line":211,"column":45},"end":{"line":211,"column":53}},"60":{"start":{"line":213,"column":22},"end":{"line":213,"column":24}},"61":{"start":{"line":215,"column":4},"end":{"line":236,"column":5}},"62":{"start":{"line":216,"column":8},"end":{"line":233,"column":9}},"63":{"start":{"line":217,"column":34},"end":{"line":217,"column":68}},"64":{"start":{"line":218,"column":12},"end":{"line":220,"column":13}},"65":{"start":{"line":219,"column":16},"end":{"line":219,"column":96}},"66":{"start":{"line":221,"column":12},"end":{"line":226,"column":13}},"67":{"start":{"line":222,"column":16},"end":{"line":222,"column":89}},"68":{"start":{"line":223,"column":16},"end":{"line":225,"column":17}},"69":{"start":{"line":224,"column":20},"end":{"line":224,"column":116}},"70":{"start":{"line":227,"column":31},"end":{"line":231,"column":13}},"71":{"start":{"line":232,"column":12},"end":{"line":232,"column":41}},"72":{"start":{"line":235,"column":8},"end":{"line":235,"column":39}},"73":{"start":{"line":237,"column":4},"end":{"line":250,"column":5}},"74":{"start":{"line":238,"column":8},"end":{"line":249,"column":9}},"75":{"start":{"line":239,"column":34},"end":{"line":239,"column":68}},"76":{"start":{"line":240,"column":12},"end":{"line":242,"column":13}},"77":{"start":{"line":241,"column":16},"end":{"line":241,"column":96}},"78":{"start":{"line":243,"column":31},"end":{"line":247,"column":13}},"79":{"start":{"line":248,"column":12},"end":{"line":248,"column":41}},"80":{"start":{"line":252,"column":4},"end":{"line":261,"column":5}},"81":{"start":{"line":253,"column":8},"end":{"line":255,"column":9}},"82":{"start":{"line":254,"column":12},"end":{"line":254,"column":48}},"83":{"start":{"line":256,"column":8},"end":{"line":258,"column":9}},"84":{"start":{"line":257,"column":12},"end":{"line":257,"column":48}},"85":{"start":{"line":260,"column":8},"end":{"line":260,"column":36}},"86":{"start":{"line":263,"column":4},"end":{"line":272,"column":5}},"87":{"start":{"line":264,"column":26},"end":{"line":264,"column":28}},"88":{"start":{"line":265,"column":8},"end":{"line":269,"column":9}},"89":{"start":{"line":266,"column":12},"end":{"line":266,"column":55}},"90":{"start":{"line":268,"column":12},"end":{"line":268,"column":66}},"91":{"start":{"line":271,"column":8},"end":{"line":271,"column":35}},"92":{"start":{"line":274,"column":4},"end":{"line":276,"column":5}},"93":{"start":{"line":275,"column":8},"end":{"line":275,"column":28}},"94":{"start":{"line":278,"column":4},"end":{"line":278,"column":57}},"95":{"start":{"line":279,"column":4},"end":{"line":287,"column":7}},"96":{"start":{"line":289,"column":27},"end":{"line":289,"column":47}},"97":{"start":{"line":290,"column":4},"end":{"line":290,"column":97}},"98":{"start":{"line":312,"column":0},"end":{"line":320,"column":4}},"99":{"start":{"line":313,"column":4},"end":{"line":313,"column":61}},"100":{"start":{"line":315,"column":4},"end":{"line":317,"column":5}},"101":{"start":{"line":316,"column":8},"end":{"line":316,"column":107}},"102":{"start":{"line":319,"column":4},"end":{"line":319,"column":87}},"103":{"start":{"line":350,"column":0},"end":{"line":372,"column":4}},"104":{"start":{"line":351,"column":20},"end":{"line":351,"column":57}},"105":{"start":{"line":352,"column":20},"end":{"line":352,"column":64}},"106":{"start":{"line":354,"column":4},"end":{"line":356,"column":5}},"107":{"start":{"line":355,"column":8},"end":{"line":355,"column":88}},"108":{"start":{"line":358,"column":4},"end":{"line":360,"column":5}},"109":{"start":{"line":359,"column":8},"end":{"line":359,"column":88}},"110":{"start":{"line":362,"column":23},"end":{"line":366,"column":5}},"111":{"start":{"line":368,"column":4},"end":{"line":368,"column":38}},"112":{"start":{"line":369,"column":27},"end":{"line":369,"column":47}},"113":{"start":{"line":371,"column":4},"end":{"line":371,"column":106}},"114":{"start":{"line":402,"column":0},"end":{"line":419,"column":4}},"115":{"start":{"line":403,"column":20},"end":{"line":403,"column":57}},"116":{"start":{"line":404,"column":20},"end":{"line":404,"column":64}},"117":{"start":{"line":406,"column":4},"end":{"line":408,"column":5}},"118":{"start":{"line":407,"column":8},"end":{"line":407,"column":88}},"119":{"start":{"line":410,"column":4},"end":{"line":412,"column":5}},"120":{"start":{"line":411,"column":8},"end":{"line":411,"column":88}},"121":{"start":{"line":414,"column":24},"end":{"line":414,"column":96}},"122":{"start":{"line":414,"column":53},"end":{"line":414,"column":95}},"123":{"start":{"line":415,"column":4},"end":{"line":415,"column":43}},"124":{"start":{"line":416,"column":27},"end":{"line":416,"column":47}},"125":{"start":{"line":418,"column":4},"end":{"line":418,"column":110}},"126":{"start":{"line":422,"column":0},"end":{"line":422,"column":24}}},"fnMap":{"0":{"name":"(anonymous_0)","decl":{"start":{"line":19,"column":4},"end":{"line":19,"column":5}},"loc":{"start":{"line":19,"column":24},"end":{"line":25,"column":5}},"line":19},"1":{"name":"(anonymous_1)","decl":{"start":{"line":29,"column":22},"end":{"line":29,"column":23}},"loc":{"start":{"line":29,"column":37},"end":{"line":38,"column":1}},"line":29},"2":{"name":"(anonymous_2)","decl":{"start":{"line":31,"column":4},"end":{"line":31,"column":5}},"loc":{"start":{"line":31,"column":24},"end":{"line":37,"column":5}},"line":31},"3":{"name":"(anonymous_3)","decl":{"start":{"line":41,"column":21},"end":{"line":41,"column":22}},"loc":{"start":{"line":41,"column":29},"end":{"line":42,"column":51}},"line":41},"4":{"name":"(anonymous_4)","decl":{"start":{"line":41,"column":29},"end":{"line":41,"column":30}},"loc":{"start":{"line":42,"column":4},"end":{"line":42,"column":51}},"line":42},"5":{"name":"(anonymous_5)","decl":{"start":{"line":62,"column":29},"end":{"line":62,"column":30}},"loc":{"start":{"line":62,"column":49},"end":{"line":65,"column":1}},"line":62},"6":{"name":"(anonymous_6)","decl":{"start":{"line":89,"column":51},"end":{"line":89,"column":52}},"loc":{"start":{"line":89,"column":71},"end":{"line":130,"column":1}},"line":89},"7":{"name":"(anonymous_7)","decl":{"start":{"line":134,"column":32},"end":{"line":134,"column":33}},"loc":{"start":{"line":134,"column":52},"end":{"line":138,"column":1}},"line":134},"8":{"name":"(anonymous_8)","decl":{"start":{"line":163,"column":53},"end":{"line":163,"column":54}},"loc":{"start":{"line":163,"column":73},"end":{"line":176,"column":1}},"line":163},"9":{"name":"(anonymous_9)","decl":{"start":{"line":203,"column":53},"end":{"line":203,"column":54}},"loc":{"start":{"line":203,"column":73},"end":{"line":291,"column":1}},"line":203},"10":{"name":"(anonymous_10)","decl":{"start":{"line":312,"column":35},"end":{"line":312,"column":36}},"loc":{"start":{"line":312,"column":55},"end":{"line":320,"column":1}},"line":312},"11":{"name":"(anonymous_11)","decl":{"start":{"line":350,"column":44},"end":{"line":350,"column":45}},"loc":{"start":{"line":350,"column":64},"end":{"line":372,"column":1}},"line":350},"12":{"name":"(anonymous_12)","decl":{"start":{"line":402,"column":46},"end":{"line":402,"column":47}},"loc":{"start":{"line":402,"column":66},"end":{"line":419,"column":1}},"line":402},"13":{"name":"(anonymous_13)","decl":{"start":{"line":414,"column":48},"end":{"line":414,"column":49}},"loc":{"start":{"line":414,"column":53},"end":{"line":414,"column":95}},"line":414}},"branchMap":{"0":{"loc":{"start":{"line":21,"column":8},"end":{"line":23,"column":9}},"type":"if","locations":[{"start":{"line":21,"column":8},"end":{"line":23,"column":9}},{"start":{},"end":{}}],"line":21},"1":{"loc":{"start":{"line":33,"column":8},"end":{"line":35,"column":9}},"type":"if","locations":[{"start":{"line":33,"column":8},"end":{"line":35,"column":9}},{"start":{},"end":{}}],"line":33},"2":{"loc":{"start":{"line":95,"column":8},"end":{"line":97,"column":9}},"type":"if","locations":[{"start":{"line":95,"column":8},"end":{"line":97,"column":9}},{"start":{},"end":{}}],"line":95},"3":{"loc":{"start":{"line":107,"column":4},"end":{"line":111,"column":5}},"type":"if","locations":[{"start":{"line":107,"column":4},"end":{"line":111,"column":5}},{"start":{"line":109,"column":11},"end":{"line":111,"column":5}}],"line":107},"4":{"loc":{"start":{"line":113,"column":4},"end":{"line":115,"column":5}},"type":"if","locations":[{"start":{"line":113,"column":4},"end":{"line":115,"column":5}},{"start":{},"end":{}}],"line":113},"5":{"loc":{"start":{"line":165,"column":4},"end":{"line":169,"column":5}},"type":"if","locations":[{"start":{"line":165,"column":4},"end":{"line":169,"column":5}},{"start":{"line":167,"column":11},"end":{"line":169,"column":5}}],"line":165},"6":{"loc":{"start":{"line":171,"column":4},"end":{"line":173,"column":5}},"type":"if","locations":[{"start":{"line":171,"column":4},"end":{"line":173,"column":5}},{"start":{},"end":{}}],"line":171},"7":{"loc":{"start":{"line":207,"column":4},"end":{"line":209,"column":5}},"type":"if","locations":[{"start":{"line":207,"column":4},"end":{"line":209,"column":5}},{"start":{},"end":{}}],"line":207},"8":{"loc":{"start":{"line":215,"column":4},"end":{"line":236,"column":5}},"type":"if","locations":[{"start":{"line":215,"column":4},"end":{"line":236,"column":5}},{"start":{"line":234,"column":11},"end":{"line":236,"column":5}}],"line":215},"9":{"loc":{"start":{"line":218,"column":12},"end":{"line":220,"column":13}},"type":"if","locations":[{"start":{"line":218,"column":12},"end":{"line":220,"column":13}},{"start":{},"end":{}}],"line":218},"10":{"loc":{"start":{"line":223,"column":16},"end":{"line":225,"column":17}},"type":"if","locations":[{"start":{"line":223,"column":16},"end":{"line":225,"column":17}},{"start":{},"end":{}}],"line":223},"11":{"loc":{"start":{"line":237,"column":4},"end":{"line":250,"column":5}},"type":"if","locations":[{"start":{"line":237,"column":4},"end":{"line":250,"column":5}},{"start":{},"end":{}}],"line":237},"12":{"loc":{"start":{"line":240,"column":12},"end":{"line":242,"column":13}},"type":"if","locations":[{"start":{"line":240,"column":12},"end":{"line":242,"column":13}},{"start":{},"end":{}}],"line":240},"13":{"loc":{"start":{"line":252,"column":4},"end":{"line":261,"column":5}},"type":"if","locations":[{"start":{"line":252,"column":4},"end":{"line":261,"column":5}},{"start":{"line":259,"column":11},"end":{"line":261,"column":5}}],"line":252},"14":{"loc":{"start":{"line":253,"column":8},"end":{"line":255,"column":9}},"type":"if","locations":[{"start":{"line":253,"column":8},"end":{"line":255,"column":9}},{"start":{},"end":{}}],"line":253},"15":{"loc":{"start":{"line":256,"column":8},"end":{"line":258,"column":9}},"type":"if","locations":[{"start":{"line":256,"column":8},"end":{"line":258,"column":9}},{"start":{},"end":{}}],"line":256},"16":{"loc":{"start":{"line":263,"column":4},"end":{"line":272,"column":5}},"type":"if","locations":[{"start":{"line":263,"column":4},"end":{"line":272,"column":5}},{"start":{"line":270,"column":11},"end":{"line":272,"column":5}}],"line":263},"17":{"loc":{"start":{"line":265,"column":8},"end":{"line":269,"column":9}},"type":"if","locations":[{"start":{"line":265,"column":8},"end":{"line":269,"column":9}},{"start":{"line":267,"column":15},"end":{"line":269,"column":9}}],"line":265},"18":{"loc":{"start":{"line":274,"column":4},"end":{"line":276,"column":5}},"type":"if","locations":[{"start":{"line":274,"column":4},"end":{"line":276,"column":5}},{"start":{},"end":{}}],"line":274},"19":{"loc":{"start":{"line":315,"column":4},"end":{"line":317,"column":5}},"type":"if","locations":[{"start":{"line":315,"column":4},"end":{"line":317,"column":5}},{"start":{},"end":{}}],"line":315},"20":{"loc":{"start":{"line":354,"column":4},"end":{"line":356,"column":5}},"type":"if","locations":[{"start":{"line":354,"column":4},"end":{"line":356,"column":5}},{"start":{},"end":{}}],"line":354},"21":{"loc":{"start":{"line":358,"column":4},"end":{"line":360,"column":5}},"type":"if","locations":[{"start":{"line":358,"column":4},"end":{"line":360,"column":5}},{"start":{},"end":{}}],"line":358},"22":{"loc":{"start":{"line":406,"column":4},"end":{"line":408,"column":5}},"type":"if","locations":[{"start":{"line":406,"column":4},"end":{"line":408,"column":5}},{"start":{},"end":{}}],"line":406},"23":{"loc":{"start":{"line":410,"column":4},"end":{"line":412,"column":5}},"type":"if","locations":[{"start":{"line":410,"column":4},"end":{"line":412,"column":5}},{"start":{},"end":{}}],"line":410}},"s":{"0":3,"1":3,"2":3,"3":3,"4":3,"5":3,"6":3,"7":3,"8":3,"9":0,"10":0,"11":0,"12":0,"13":3,"14":6,"15":0,"16":0,"17":0,"18":0,"19":3,"20":24,"21":0,"22":3,"23":0,"24":0,"25":3,"26":0,"27":0,"28":0,"29":0,"30":0,"31":0,"32":0,"33":0,"34":0,"35":0,"36":0,"37":0,"38":0,"39":0,"40":0,"41":0,"42":0,"43":0,"44":3,"45":0,"46":0,"47":3,"48":0,"49":0,"50":0,"51":0,"52":0,"53":0,"54":3,"55":0,"56":0,"57":0,"58":0,"59":0,"60":0,"61":0,"62":0,"63":0,"64":0,"65":0,"66":0,"67":0,"68":0,"69":0,"70":0,"71":0,"72":0,"73":0,"74":0,"75":0,"76":0,"77":0,"78":0,"79":0,"80":0,"81":0,"82":0,"83":0,"84":0,"85":0,"86":0,"87":0,"88":0,"89":0,"90":0,"91":0,"92":0,"93":0,"94":0,"95":0,"96":0,"97":0,"98":3,"99":0,"100":0,"101":0,"102":0,"103":3,"104":0,"105":0,"106":0,"107":0,"108":0,"109":0,"110":0,"111":0,"112":0,"113":0,"114":3,"115":0,"116":0,"117":0,"118":0,"119":0,"120":0,"121":0,"122":0,"123":0,"124":0,"125":0,"126":3},"f":{"0":0,"1":6,"2":0,"3":24,"4":0,"5":0,"6":0,"7":0,"8":0,"9":0,"10":0,"11":0,"12":0,"13":0},"b":{"0":[0,0],"1":[0,0],"2":[0,0],"3":[0,0],"4":[0,0],"5":[0,0],"6":[0,0],"7":[0,0],"8":[0,0],"9":[0,0],"10":[0,0],"11":[0,0],"12":[0,0],"13":[0,0],"14":[0,0],"15":[0,0],"16":[0,0],"17":[0,0],"18":[0,0],"19":[0,0],"20":[0,0],"21":[0,0],"22":[0,0],"23":[0,0]},"_coverageSchema":"1a1c01bbd47fc00a2c39e90264f33305004495a9","hash":"6bc431b7c075187b49314cbf512397a21e6c9321"}
,"/home/kalo22/dbwebb-kurser/vteam/server/routes/v1userRoutes.js": {"path":"/home/kalo22/dbwebb-kurser/vteam/server/routes/v1userRoutes.js","statementMap":{"0":{"start":{"line":3,"column":16},"end":{"line":3,"column":34}},"1":{"start":{"line":4,"column":42},"end":{"line":4,"column":70}},"2":{"start":{"line":5,"column":15},"end":{"line":5,"column":31}},"3":{"start":{"line":6,"column":24},"end":{"line":6,"column":46}},"4":{"start":{"line":7,"column":13},"end":{"line":7,"column":41}},"5":{"start":{"line":8,"column":30},"end":{"line":8,"column":49}},"6":{"start":{"line":11,"column":25},"end":{"line":23,"column":1}},"7":{"start":{"line":17,"column":23},"end":{"line":17,"column":44}},"8":{"start":{"line":18,"column":8},"end":{"line":20,"column":9}},"9":{"start":{"line":19,"column":12},"end":{"line":19,"column":87}},"10":{"start":{"line":21,"column":8},"end":{"line":21,"column":15}},"11":{"start":{"line":26,"column":22},"end":{"line":35,"column":1}},"12":{"start":{"line":26,"column":37},"end":{"line":35,"column":1}},"13":{"start":{"line":29,"column":23},"end":{"line":29,"column":44}},"14":{"start":{"line":30,"column":8},"end":{"line":32,"column":9}},"15":{"start":{"line":31,"column":12},"end":{"line":31,"column":87}},"16":{"start":{"line":33,"column":8},"end":{"line":33,"column":15}},"17":{"start":{"line":38,"column":21},"end":{"line":39,"column":51}},"18":{"start":{"line":38,"column":29},"end":{"line":39,"column":51}},"19":{"start":{"line":39,"column":4},"end":{"line":39,"column":51}},"20":{"start":{"line":58,"column":0},"end":{"line":61,"column":4}},"21":{"start":{"line":59,"column":18},"end":{"line":59,"column":35}},"22":{"start":{"line":60,"column":4},"end":{"line":60,"column":88}},"23":{"start":{"line":80,"column":0},"end":{"line":101,"column":4}},"24":{"start":{"line":81,"column":28},"end":{"line":81,"column":32}},"25":{"start":{"line":82,"column":4},"end":{"line":85,"column":5}},"26":{"start":{"line":83,"column":22},"end":{"line":83,"column":32}},"27":{"start":{"line":84,"column":8},"end":{"line":84,"column":97}},"28":{"start":{"line":86,"column":20},"end":{"line":97,"column":6}},"29":{"start":{"line":99,"column":17},"end":{"line":99,"column":37}},"30":{"start":{"line":100,"column":4},"end":{"line":100,"column":82}},"31":{"start":{"line":114,"column":0},"end":{"line":118,"column":4}},"32":{"start":{"line":115,"column":19},"end":{"line":115,"column":42}},"33":{"start":{"line":117,"column":4},"end":{"line":117,"column":118}},"34":{"start":{"line":143,"column":0},"end":{"line":156,"column":4}},"35":{"start":{"line":145,"column":4},"end":{"line":149,"column":5}},"36":{"start":{"line":146,"column":8},"end":{"line":146,"column":50}},"37":{"start":{"line":148,"column":8},"end":{"line":148,"column":62}},"38":{"start":{"line":151,"column":4},"end":{"line":153,"column":5}},"39":{"start":{"line":152,"column":8},"end":{"line":152,"column":85}},"40":{"start":{"line":155,"column":4},"end":{"line":155,"column":86}},"41":{"start":{"line":183,"column":0},"end":{"line":202,"column":4}},"42":{"start":{"line":185,"column":4},"end":{"line":189,"column":5}},"43":{"start":{"line":186,"column":8},"end":{"line":186,"column":50}},"44":{"start":{"line":188,"column":8},"end":{"line":188,"column":62}},"45":{"start":{"line":191,"column":4},"end":{"line":193,"column":5}},"46":{"start":{"line":192,"column":8},"end":{"line":192,"column":85}},"47":{"start":{"line":194,"column":4},"end":{"line":197,"column":5}},"48":{"start":{"line":195,"column":22},"end":{"line":195,"column":32}},"49":{"start":{"line":196,"column":8},"end":{"line":196,"column":106}},"50":{"start":{"line":199,"column":4},"end":{"line":199,"column":23}},"51":{"start":{"line":200,"column":24},"end":{"line":200,"column":41}},"52":{"start":{"line":201,"column":4},"end":{"line":201,"column":91}},"53":{"start":{"line":223,"column":0},"end":{"line":236,"column":4}},"54":{"start":{"line":225,"column":4},"end":{"line":229,"column":5}},"55":{"start":{"line":226,"column":8},"end":{"line":226,"column":62}},"56":{"start":{"line":228,"column":8},"end":{"line":228,"column":66}},"57":{"start":{"line":231,"column":4},"end":{"line":233,"column":5}},"58":{"start":{"line":232,"column":8},"end":{"line":232,"column":104}},"59":{"start":{"line":235,"column":4},"end":{"line":235,"column":117}},"60":{"start":{"line":238,"column":0},"end":{"line":238,"column":24}}},"fnMap":{"0":{"name":"(anonymous_0)","decl":{"start":{"line":16,"column":4},"end":{"line":16,"column":5}},"loc":{"start":{"line":16,"column":24},"end":{"line":22,"column":5}},"line":16},"1":{"name":"(anonymous_1)","decl":{"start":{"line":26,"column":22},"end":{"line":26,"column":23}},"loc":{"start":{"line":26,"column":37},"end":{"line":35,"column":1}},"line":26},"2":{"name":"(anonymous_2)","decl":{"start":{"line":28,"column":4},"end":{"line":28,"column":5}},"loc":{"start":{"line":28,"column":24},"end":{"line":34,"column":5}},"line":28},"3":{"name":"(anonymous_3)","decl":{"start":{"line":38,"column":21},"end":{"line":38,"column":22}},"loc":{"start":{"line":38,"column":29},"end":{"line":39,"column":51}},"line":38},"4":{"name":"(anonymous_4)","decl":{"start":{"line":38,"column":29},"end":{"line":38,"column":30}},"loc":{"start":{"line":39,"column":4},"end":{"line":39,"column":51}},"line":39},"5":{"name":"(anonymous_5)","decl":{"start":{"line":58,"column":29},"end":{"line":58,"column":30}},"loc":{"start":{"line":58,"column":49},"end":{"line":61,"column":1}},"line":58},"6":{"name":"(anonymous_6)","decl":{"start":{"line":80,"column":48},"end":{"line":80,"column":49}},"loc":{"start":{"line":80,"column":68},"end":{"line":101,"column":1}},"line":80},"7":{"name":"(anonymous_7)","decl":{"start":{"line":114,"column":32},"end":{"line":114,"column":33}},"loc":{"start":{"line":114,"column":52},"end":{"line":118,"column":1}},"line":114},"8":{"name":"(anonymous_8)","decl":{"start":{"line":143,"column":32},"end":{"line":143,"column":33}},"loc":{"start":{"line":143,"column":52},"end":{"line":156,"column":1}},"line":143},"9":{"name":"(anonymous_9)","decl":{"start":{"line":183,"column":53},"end":{"line":183,"column":54}},"loc":{"start":{"line":183,"column":73},"end":{"line":202,"column":1}},"line":183},"10":{"name":"(anonymous_10)","decl":{"start":{"line":223,"column":56},"end":{"line":223,"column":57}},"loc":{"start":{"line":223,"column":76},"end":{"line":236,"column":1}},"line":223}},"branchMap":{"0":{"loc":{"start":{"line":18,"column":8},"end":{"line":20,"column":9}},"type":"if","locations":[{"start":{"line":18,"column":8},"end":{"line":20,"column":9}},{"start":{},"end":{}}],"line":18},"1":{"loc":{"start":{"line":30,"column":8},"end":{"line":32,"column":9}},"type":"if","locations":[{"start":{"line":30,"column":8},"end":{"line":32,"column":9}},{"start":{},"end":{}}],"line":30},"2":{"loc":{"start":{"line":82,"column":4},"end":{"line":85,"column":5}},"type":"if","locations":[{"start":{"line":82,"column":4},"end":{"line":85,"column":5}},{"start":{},"end":{}}],"line":82},"3":{"loc":{"start":{"line":96,"column":13},"end":{"line":96,"column":31}},"type":"binary-expr","locations":[{"start":{"line":96,"column":13},"end":{"line":96,"column":25}},{"start":{"line":96,"column":29},"end":{"line":96,"column":31}}],"line":96},"4":{"loc":{"start":{"line":145,"column":4},"end":{"line":149,"column":5}},"type":"if","locations":[{"start":{"line":145,"column":4},"end":{"line":149,"column":5}},{"start":{"line":147,"column":11},"end":{"line":149,"column":5}}],"line":145},"5":{"loc":{"start":{"line":151,"column":4},"end":{"line":153,"column":5}},"type":"if","locations":[{"start":{"line":151,"column":4},"end":{"line":153,"column":5}},{"start":{},"end":{}}],"line":151},"6":{"loc":{"start":{"line":185,"column":4},"end":{"line":189,"column":5}},"type":"if","locations":[{"start":{"line":185,"column":4},"end":{"line":189,"column":5}},{"start":{"line":187,"column":11},"end":{"line":189,"column":5}}],"line":185},"7":{"loc":{"start":{"line":191,"column":4},"end":{"line":193,"column":5}},"type":"if","locations":[{"start":{"line":191,"column":4},"end":{"line":193,"column":5}},{"start":{},"end":{}}],"line":191},"8":{"loc":{"start":{"line":194,"column":4},"end":{"line":197,"column":5}},"type":"if","locations":[{"start":{"line":194,"column":4},"end":{"line":197,"column":5}},{"start":{},"end":{}}],"line":194},"9":{"loc":{"start":{"line":225,"column":4},"end":{"line":229,"column":5}},"type":"if","locations":[{"start":{"line":225,"column":4},"end":{"line":229,"column":5}},{"start":{"line":227,"column":11},"end":{"line":229,"column":5}}],"line":225},"10":{"loc":{"start":{"line":231,"column":4},"end":{"line":233,"column":5}},"type":"if","locations":[{"start":{"line":231,"column":4},"end":{"line":233,"column":5}},{"start":{},"end":{}}],"line":231}},"s":{"0":3,"1":3,"2":3,"3":3,"4":3,"5":3,"6":3,"7":0,"8":0,"9":0,"10":0,"11":3,"12":6,"13":0,"14":0,"15":0,"16":0,"17":3,"18":18,"19":0,"20":3,"21":0,"22":0,"23":3,"24":0,"25":0,"26":0,"27":0,"28":0,"29":0,"30":0,"31":3,"32":0,"33":0,"34":3,"35":0,"36":0,"37":0,"38":0,"39":0,"40":0,"41":3,"42":0,"43":0,"44":0,"45":0,"46":0,"47":0,"48":0,"49":0,"50":0,"51":0,"52":0,"53":3,"54":0,"55":0,"56":0,"57":0,"58":0,"59":0,"60":3},"f":{"0":0,"1":6,"2":0,"3":18,"4":0,"5":0,"6":0,"7":0,"8":0,"9":0,"10":0},"b":{"0":[0,0],"1":[0,0],"2":[0,0],"3":[0,0],"4":[0,0],"5":[0,0],"6":[0,0],"7":[0,0],"8":[0,0],"9":[0,0],"10":[0,0]},"_coverageSchema":"1a1c01bbd47fc00a2c39e90264f33305004495a9","hash":"c522c21cafb102c78da37f65a5fc72e9c8bbcba2"}
[...]
"name":"(anonymous_1)","decl":{"start":{"line":30,"column":22},"end":{"line":30,"column":23}},"loc":{"start":{"line":30,"column":37},"end":{"line":39,"column":1}},"line":30},"2":{"name":"(anonymous_2)","decl":{"start":{"line":32,"column":4},"end":{"line":32,"column":5}},"loc":{"start":{"line":32,"column":24},"end":{"line":38,"column":5}},"line":32},"3":{"name":"(anonymous_3)","decl":{"start":{"line":42,"column":21},"end":{"line":42,"column":22}},"loc":{"start":{"line":42,"column":29},"end":{"line":43,"column":51}},"line":42},"4":{"name":"(anonymous_4)","decl":{"start":{"line":42,"column":29},"end":{"line":42,"column":30}},"loc":{"start":{"line":43,"column":4},"end":{"line":43,"column":51}},"line":43},"5":{"name":"(anonymous_5)","decl":{"start":{"line":65,"column":29},"end":{"line":65,"column":30}},"loc":{"start":{"line":65,"column":49},"end":{"line":68,"column":1}},"line":65},"6":{"name":"(anonymous_6)","decl":{"start":{"line":94,"column":90},"end":{"line":94,"column":91}},"loc":{"start":{"line":94,"column":110},"end":{"line":135,"column":1}},"line":94},"7":{"name":"(anonymous_7)","decl":{"start":{"line":139,"column":71},"end":{"line":139,"column":72}},"loc":{"start":{"line":139,"column":91},"end":{"line":143,"column":1}},"line":139},"8":{"name":"(anonymous_8)","decl":{"start":{"line":170,"column":53},"end":{"line":170,"column":54}},"loc":{"start":{"line":170,"column":73},"end":{"line":183,"column":1}},"line":170},"9":{"name":"(anonymous_9)","decl":{"start":{"line":212,"column":92},"end":{"line":212,"column":93}},"loc":{"start":{"line":212,"column":112},"end":{"line":300,"column":1}},"line":212},"10":{"name":"(anonymous_10)","decl":{"start":{"line":323,"column":74},"end":{"line":323,"column":75}},"loc":{"start":{"line":323,"column":94},"end":{"line":331,"column":1}},"line":323},"11":{"name":"(anonymous_11)","decl":{"start":{"line":363,"column":83},"end":{"line":363,"column":84}},"loc":{"start":{"line":363,"column":103},"end":{"line":385,"column":1}},"line":363},"12":{"name":"(anonymous_12)","decl":{"start":{"line":417,"column":85},"end":{"line":417,"column":86}},"loc":{"start":{"line":417,"column":105},"end":{"line":434,"column":1}},"line":417},"13":{"name":"(anonymous_13)","decl":{"start":{"line":429,"column":48},"end":{"line":429,"column":49}},"loc":{"start":{"line":429,"column":53},"end":{"line":429,"column":95}},"line":429}},"branchMap":{"0":{"loc":{"start":{"line":22,"column":8},"end":{"line":24,"column":9}},"type":"if","locations":[{"start":{"line":22,"column":8},"end":{"line":24,"column":9}},{"start":{},"end":{}}],"line":22},"1":{"loc":{"start":{"line":34,"column":8},"end":{"line":36,"column":9}},"type":"if","locations":[{"start":{"line":34,"column":8},"end":{"line":36,"column":9}},{"start":{},"end":{}}],"line":34},"2":{"loc":{"start":{"line":100,"column":8},"end":{"line":102,"column":9}},"type":"if","locations":[{"start":{"line":100,"column":8},"end":{"line":102,"column":9}},{"start":{},"end":{}}],"line":100},"3":{"loc":{"start":{"line":112,"column":4},"end":{"line":116,"column":5}},"type":"if","locations":[{"start":{"line":112,"column":4},"end":{"line":116,"column":5}},{"start":{"line":114,"column":11},"end":{"line":116,"column":5}}],"line":112},"4":{"loc":{"start":{"line":118,"column":4},"end":{"line":120,"column":5}},"type":"if","locations":[{"start":{"line":118,"column":4},"end":{"line":120,"column":5}},{"start":{},"end":{}}],"line":118},"5":{"loc":{"start":{"line":172,"column":4},"end":{"line":176,"column":5}},"type":"if","locations":[{"start":{"line":172,"column":4},"end":{"line":176,"column":5}},{"start":{"line":174,"column":11},"end":{"line":176,"column":5}}],"line":172},"6":{"loc":{"start":{"line":178,"column":4},"end":{"line":180,"column":5}},"type":"if","locations":[{"start":{"line":178,"column":4},"end":{"line":180,"column":5}},{"start":{},"end":{}}],"line":178},"7":{"loc":{"start":{"line":216,"column":4},"end":{"line":218,"column":5}},"type":"if","locations":[{"start":{"line":216,"column":4},"end":{"line":218,"column":5}},{"start":{},"end":{}}],"line":216},"8":{"loc":{"start":{"line":224,"column":4},"end":{"line":245,"column":5}},"type":"if","locations":[{"start":{"line":224,"column":4},"end":{"line":245,"column":5}},{"start":{"line":243,"column":11},"end":{"line":245,"column":5}}],"line":224},"9":{"loc":{"start":{"line":227,"column":12},"end":{"line":229,"column":13}},"type":"if","locations":[{"start":{"line":227,"column":12},"end":{"line":229,"column":13}},{"start":{},"end":{}}],"line":227},"10":{"loc":{"start":{"line":232,"column":16},"end":{"line":234,"column":17}},"type":"if","locations":[{"start":{"line":232,"column":16},"end":{"line":234,"column":17}},{"start":{},"end":{}}],"line":232},"11":{"loc":{"start":{"line":246,"column":4},"end":{"line":259,"column":5}},"type":"if","locations":[{"start":{"line":246,"column":4},"end":{"line":259,"column":5}},{"start":{},"end":{}}],"line":246},"12":{"loc":{"start":{"line":249,"column":12},"end":{"line":251,"column":13}},"type":"if","locations":[{"start":{"line":249,"column":12},"end":{"line":251,"column":13}},{"start":{},"end":{}}],"line":249},"13":{"loc":{"start":{"line":261,"column":4},"end":{"line":270,"column":5}},"type":"if","locations":[{"start":{"line":261,"column":4},"end":{"line":270,"column":5}},{"start":{"line":268,"column":11},"end":{"line":270,"column":5}}],"line":261},"14":{"loc":{"start":{"line":262,"column":8},"end":{"line":264,"column":9}},"type":"if","locations":[{"start":{"line":262,"column":8},"end":{"line":264,"column":9}},{"start":{},"end":{}}],"line":262},"15":{"loc":{"start":{"line":265,"column":8},"end":{"line":267,"column":9}},"type":"if","locations":[{"start":{"line":265,"column":8},"end":{"line":267,"column":9}},{"start":{},"end":{}}],"line":265},"16":{"loc":{"start":{"line":272,"column":4},"end":{"line":281,"column":5}},"type":"if","locations":[{"start":{"line":272,"column":4},"end":{"line":281,"column":5}},{"start":{"line":279,"column":11},"end":{"line":281,"column":5}}],"line":272},"17":{"loc":{"start":{"line":274,"column":8},"end":{"line":278,"column":9}},"type":"if","locations":[{"start":{"line":274,"column":8},"end":{"line":278,"column":9}},{"start":{"line":276,"column":15},"end":{"line":278,"column":9}}],"line":274},"18":{"loc":{"start":{"line":283,"column":4},"end":{"line":285,"column":5}},"type":"if","locations":[{"start":{"line":283,"column":4},"end":{"line":285,"column":5}},{"start":{},"end":{}}],"line":283},"19":{"loc":{"start":{"line":326,"column":4},"end":{"line":328,"column":5}},"type":"if","locations":[{"start":{"line":326,"column":4},"end":{"line":328,"column":5}},{"start":{},"end":{}}],"line":326},"20":{"loc":{"start":{"line":367,"column":4},"end":{"line":369,"column":5}},"type":"if","locations":[{"start":{"line":367,"column":4},"end":{"line":369,"column":5}},{"start":{},"end":{}}],"line":367},"21":{"loc":{"start":{"line":371,"column":4},"end":{"line":373,"column":5}},"type":"if","locations":[{"start":{"line":371,"column":4},"end":{"line":373,"column":5}},{"start":{},"end":{}}],"line":371},"22":{"loc":{"start":{"line":421,"column":4},"end":{"line":423,"column":5}},"type":"if","locations":[{"start":{"line":421,"column":4},"end":{"line":423,"column":5}},{"start":{},"end":{}}],"line":421},"23":{"loc":{"start":{"line":425,"column":4},"end":{"line":427,"column":5}},"type":"if","locations":[{"start":{"line":425,"column":4},"end":{"line":427,"column":5}},{"start":{},"end":{}}],"line":425}},"s":{"0":3,"1":3,"2":3,"3":3,"4":3,"5":3,"6":3,"7":3,"8":3,"9":3,"10":0,"11":0,"12":0,"13":0,"14":3,"15":6,"16":0,"17":0,"18":0,"19":0,"20":3,"21":24,"22":0,"23":3,"24":0,"25":0,"26":3,"27":0,"28":0,"29":0,"30":0,"31":0,"32":0,"33":0,"34":0,"35":0,"36":0,"37":0,"38":0,"39":0,"40":0,"41":0,"42":0,"43":0,"44":0,"45":3,"46":0,"47":0,"48":3,"49":0,"50":0,"51":0,"52":0,"53":0,"54":0,"55":3,"56":0,"57":0,"58":0,"59":0,"60":0,"61":0,"62":0,"63":0,"64":0,"65":0,"66":0,"67":0,"68":0,"69":0,"70":0,"71":0,"72":0,"73":0,"74":0,"75":0,"76":0,"77":0,"78":0,"79":0,"80":0,"81":0,"82":0,"83":0,"84":0,"85":0,"86":0,"87":0,"88":0,"89":0,"90":0,"91":0,"92":0,"93":0,"94":0,"95":0,"96":0,"97":0,"98":0,"99":3,"100":0,"101":0,"102":0,"103":0,"104":3,"105":0,"106":0,"107":0,"108":0,"109":0,"110":0,"111":0,"112":0,"113":0,"114":0,"115":3,"116":0,"117":0,"118":0,"119":0,"120":0,"121":0,"122":0,"123":0,"124":0,"125":0,"126":0,"127":3},"f":{"0":0,"1":6,"2":0,"3":24,"4":0,"5":0,"6":0,"7":0,"8":0,"9":0,"10":0,"11":0,"12":0,"13":0},"b":{"0":[0,0],"1":[0,0],"2":[0,0],"3":[0,0],"4":[0,0],"5":[0,0],"6":[0,0],"7":[0,0],"8":[0,0],"9":[0,0],"10":[0,0],"11":[0,0],"12":[0,0],"13":[0,0],"14":[0,0],"15":[0,0],"16":[0,0],"17":[0,0],"18":[0,0],"19":[0,0],"20":[0,0],"21":[0,0],"22":[0,0],"23":[0,0]},"_coverageSchema":"1a1c01bbd47fc00a2c39e90264f33305004495a9","hash":"ec292562f6de73fdec8a75778ad158fae4302390"}
,"/home/kalo22/dbwebb-kurser/vteam/server/routes/v2userRoutes.js": {"path":"/home/kalo22/dbwebb-kurser/vteam/server/routes/v2userRoutes.js","statementMap":{"0":{"start":{"line":3,"column":16},"end":{"line":3,"column":34}},"1":{"start":{"line":4,"column":42},"end":{"line":4,"column":70}},"2":{"start":{"line":5,"column":15},"end":{"line":5,"column":31}},"3":{"start":{"line":6,"column":24},"end":{"line":6,"column":46}},"4":{"start":{"line":7,"column":13},"end":{"line":7,"column":41}},"5":{"start":{"line":8,"column":30},"end":{"line":8,"column":49}},"6":{"start":{"line":9,"column":15},"end":{"line":9,"column":34}},"7":{"start":{"line":10,"column":12},"end":{"line":10,"column":35}},"8":{"start":{"line":11,"column":40},"end":{"line":11,"column":82}},"9":{"start":{"line":14,"column":25},"end":{"line":27,"column":1}},"10":{"start":{"line":21,"column":23},"end":{"line":21,"column":44}},"11":{"start":{"line":22,"column":8},"end":{"line":24,"column":9}},"12":{"start":{"line":23,"column":12},"end":{"line":23,"column":87}},"13":{"start":{"line":25,"column":8},"end":{"line":25,"column":15}},"14":{"start":{"line":30,"column":22},"end":{"line":39,"column":1}},"15":{"start":{"line":30,"column":37},"end":{"line":39,"column":1}},"16":{"start":{"line":33,"column":23},"end":{"line":33,"column":44}},"17":{"start":{"line":34,"column":8},"end":{"line":36,"column":9}},"18":{"start":{"line":35,"column":12},"end":{"line":35,"column":87}},"19":{"start":{"line":37,"column":8},"end":{"line":37,"column":15}},"20":{"start":{"line":42,"column":21},"end":{"line":43,"column":51}},"21":{"start":{"line":42,"column":29},"end":{"line":43,"column":51}},"22":{"start":{"line":43,"column":4},"end":{"line":43,"column":51}},"23":{"start":{"line":47,"column":0},"end":{"line":65,"column":4}},"24":{"start":{"line":48,"column":32},"end":{"line":48,"column":40}},"25":{"start":{"line":50,"column":4},"end":{"line":64,"column":5}},"26":{"start":{"line":51,"column":21},"end":{"line":51,"column":57}},"27":{"start":{"line":52,"column":8},"end":{"line":54,"column":9}},"28":{"start":{"line":53,"column":12},"end":{"line":53,"column":89}},"29":{"start":{"line":56,"column":8},"end":{"line":61,"column":9}},"30":{"start":{"line":57,"column":26},"end":{"line":57,"column":128}},"31":{"start":{"line":58,"column":12},"end":{"line":58,"column":106}},"32":{"start":{"line":60,"column":12},"end":{"line":60,"column":86}},"33":{"start":{"line":63,"column":8},"end":{"line":63,"column":75}},"34":{"start":{"line":84,"column":0},"end":{"line":87,"column":4}},"35":{"start":{"line":85,"column":18},"end":{"line":85,"column":35}},"36":{"start":{"line":86,"column":4},"end":{"line":86,"column":88}},"37":{"start":{"line":108,"column":0},"end":{"line":130,"column":4}},"38":{"start":{"line":109,"column":28},"end":{"line":109,"column":32}},"39":{"start":{"line":110,"column":4},"end":{"line":113,"column":5}},"40":{"start":{"line":111,"column":22},"end":{"line":111,"column":32}},"41":{"start":{"line":112,"column":8},"end":{"line":112,"column":97}},"42":{"start":{"line":114,"column":20},"end":{"line":126,"column":6}},"43":{"start":{"line":128,"column":17},"end":{"line":128,"column":37}},"44":{"start":{"line":129,"column":4},"end":{"line":129,"column":82}},"45":{"start":{"line":145,"column":0},"end":{"line":149,"column":4}},"46":{"start":{"line":146,"column":19},"end":{"line":146,"column":42}},"47":{"start":{"line":148,"column":4},"end":{"line":148,"column":118}},"48":{"start":{"line":174,"column":0},"end":{"line":187,"column":4}},"49":{"start":{"line":176,"column":4},"end":{"line":180,"column":5}},"50":{"start":{"line":177,"column":8},"end":{"line":177,"column":50}},"51":{"start":{"line":179,"column":8},"end":{"line":179,"column":62}},"52":{"start":{"line":182,"column":4},"end":{"line":184,"column":5}},"53":{"start":{"line":183,"column":8},"end":{"line":183,"column":85}},"54":{"start":{"line":186,"column":4},"end":{"line":186,"column":86}},"55":{"start":{"line":216,"column":0},"end":{"line":235,"column":4}},"56":{"start":{"line":218,"column":4},"end":{"line":222,"column":5}},"57":{"start":{"line":219,"column":8},"end":{"line":219,"column":50}},"58":{"start":{"line":221,"column":8},"end":{"line":221,"column":62}},"59":{"start":{"line":224,"column":4},"end":{"line":226,"column":5}},"60":{"start":{"line":225,"column":8},"end":{"line":225,"column":85}},"61":{"start":{"line":227,"column":4},"end":{"line":230,"column":5}},"62":{"start":{"line":228,"column":22},"end":{"line":228,"column":32}},"63":{"start":{"line":229,"column":8},"end":{"line":229,"column":106}},"64":{"start":{"line":232,"column":4},"end":{"line":232,"column":23}},"65":{"start":{"line":233,"column":24},"end":{"line":233,"column":41}},"66":{"start":{"line":234,"column":4},"end":{"line":234,"column":91}},"67":{"start":{"line":258,"column":0},"end":{"line":271,"column":4}},"68":{"start":{"line":260,"column":4},"end":{"line":264,"column":5}},"69":{"start":{"line":261,"column":8},"end":{"line":261,"column":62}},"70":{"start":{"line":263,"column":8},"end":{"line":263,"column":66}},"71":{"start":{"line":266,"column":4},"end":{"line":268,"column":5}},"72":{"start":{"line":267,"column":8},"end":{"line":267,"column":104}},"73":{"start":{"line":270,"column":4},"end":{"line":270,"column":117}},"74":{"start":{"line":273,"column":0},"end":{"line":273,"column":24}}},"fnMap":{"0":{"name":"(anonymous_0)","decl":{"start":{"line":20,"column":4},"end":{"line":20,"column":5}},"loc":{"start":{"line":20,"column":24},"end":{"line":26,"column":5}},"line":20},"1":{"name":"(anonymous_1)","decl":{"start":{"line":30,"column":22},"end":{"line":30,"column":23}},"loc":{"start":{"line":30,"column":37},"end":{"line":39,"column":1}},"line":30},"2":{"name":"(anonymous_2)","decl":{"start":{"line":32,"column":4},"end":{"line":32,"column":5}},"loc":{"start":{"line":32,"column":24},"end":{"line":38,"column":5}},"line":32},"3":{"name":"(anonymous_3)","decl":{"start":{"line":42,"column":21},"end":{"line":42,"column":22}},"loc":{"start":{"line":42,"column":29},"end":{"line":43,"column":51}},"line":42},"4":{"name":"(anonymous_4)","decl":{"start":{"line":42,"column":29},"end":{"line":42,"column":30}},"loc":{"start":{"line":43,"column":4},"end":{"line":43,"column":51}},"line":43},"5":{"name":"(anonymous_5)","decl":{"start":{"line":47,"column":35},"end":{"line":47,"column":36}},"loc":{"start":{"line":47,"column":55},"end":{"line":65,"column":1}},"line":47},"6":{"name":"(anonymous_6)","decl":{"start":{"line":84,"column":29},"end":{"line":84,"column":30}},"loc":{"start":{"line":84,"column":49},"end":{"line":87,"column":1}},"line":84},"7":{"name":"(anonymous_7)","decl":{"start":{"line":108,"column":87},"end":{"line":108,"column":88}},"loc":{"start":{"line":108,"column":107},"end":{"line":130,"column":1}},"line":108},"8":{"name":"(anonymous_8)","decl":{"start":{"line":145,"column":71},"end":{"line":145,"column":72}},"loc":{"start":{"line":145,"column":91},"end":{"line":149,"column":1}},"line":145},"9":{"name":"(anonymous_9)","decl":{"start":{"line":174,"column":32},"end":{"line":174,"column":33}},"loc":{"start":{"line":174,"column":52},"end":{"line":187,"column":1}},"line":174},"10":{"name":"(anonymous_10)","decl":{"start":{"line":216,"column":92},"end":{"line":216,"column":93}},"loc":{"start":{"line":216,"column":112},"end":{"line":235,"column":1}},"line":216},"11":{"name":"(anonymous_11)","decl":{"start":{"line":258,"column":95},"end":{"line":258,"column":96}},"loc":{"start":{"line":258,"column":115},"end":{"line":271,"column":1}},"line":258}},"branchMap":{"0":{"loc":{"start":{"line":22,"column":8},"end":{"line":24,"column":9}},"type":"if","locations":[{"start":{"line":22,"column":8},"end":{"line":24,"column":9}},{"start":{},"end":{}}],"line":22},"1":{"loc":{"start":{"line":34,"column":8},"end":{"line":36,"column":9}},"type":"if","locations":[{"start":{"line":34,"column":8},"end":{"line":36,"column":9}},{"start":{},"end":{}}],"line":34},"2":{"loc":{"start":{"line":52,"column":8},"end":{"line":54,"column":9}},"type":"if","locations":[{"start":{"line":52,"column":8},"end":{"line":54,"column":9}},{"start":{},"end":{}}],"line":52},"3":{"loc":{"start":{"line":56,"column":8},"end":{"line":61,"column":9}},"type":"if","locations":[{"start":{"line":56,"column":8},"end":{"line":61,"column":9}},{"start":{"line":59,"column":15},"end":{"line":61,"column":9}}],"line":56},"4":{"loc":{"start":{"line":110,"column":4},"end":{"line":113,"column":5}},"type":"if","locations":[{"start":{"line":110,"column":4},"end":{"line":113,"column":5}},{"start":{},"end":{}}],"line":110},"5":{"loc":{"start":{"line":125,"column":13},"end":{"line":125,"column":31}},"type":"binary-expr","locations":[{"start":{"line":125,"column":13},"end":{"line":125,"column":25}},{"start":{"line":125,"column":29},"end":{"line":125,"column":31}}],"line":125},"6":{"loc":{"start":{"line":176,"column":4},"end":{"line":180,"column":5}},"type":"if","locations":[{"start":{"line":176,"column":4},"end":{"line":180,"column":5}},{"start":{"line":178,"column":11},"end":{"line":180,"column":5}}],"line":176},"7":{"loc":{"start":{"line":182,"column":4},"end":{"line":184,"column":5}},"type":"if","locations":[{"start":{"line":182,"column":4},"end":{"line":184,"column":5}},{"start":{},"end":{}}],"line":182},"8":{"loc":{"start":{"line":218,"column":4},"end":{"line":222,"column":5}},"type":"if","locations":[{"start":{"line":218,"column":4},"end":{"line":222,"column":5}},{"start":{"line":220,"column":11},"end":{"line":222,"column":5}}],"line":218},"9":{"loc":{"start":{"line":224,"column":4},"end":{"line":226,"column":5}},"type":"if","locations":[{"start":{"line":224,"column":4},"end":{"line":226,"column":5}},{"start":{},"end":{}}],"line":224},"10":{"loc":{"start":{"line":227,"column":4},"end":{"line":230,"column":5}},"type":"if","locations":[{"start":{"line":227,"column":4},"end":{"line":230,"column":5}},{"start":{},"end":{}}],"line":227},"11":{"loc":{"start":{"line":260,"column":4},"end":{"line":264,"column":5}},"type":"if","locations":[{"start":{"line":260,"column":4},"end":{"line":264,"column":5}},{"start":{"line":262,"column":11},"end":{"line":264,"column":5}}],"line":260},"12":{"loc":{"start":{"line":266,"column":4},"end":{"line":268,"column":5}},"type":"if","locations":[{"start":{"line":266,"column":4},"end":{"line":268,"column":5}},{"start":{},"end":{}}],"line":266}},"s":{"0":3,"1":3,"2":3,"3":3,"4":3,"5":3,"6":3,"7":3,"8":3,"9":3,"10":0,"11":0,"12":0,"13":0,"14":3,"15":6,"16":0,"17":0,"18":0,"19":0,"20":3,"21":21,"22":0,"23":3,"24":0,"25":0,"26":0,"27":0,"28":0,"29":0,"30":0,"31":0,"32":0,"33":0,"34":3,"35":0,"36":0,"37":3,"38":0,"39":0,"40":0,"41":0,"42":0,"43":0,"44":0,"45":3,"46":0,"47":0,"48":3,"49":0,"50":0,"51":0,"52":0,"53":0,"54":0,"55":3,"56":0,"57":0,"58":0,"59":0,"60":0,"61":0,"62":0,"63":0,"64":0,"65":0,"66":0,"67":3,"68":0,"69":0,"70":0,"71":0,"72":0,"73":0,"74":3},"f":{"0":0,"1":6,"2":0,"3":21,"4":0,"5":0,"6":0,"7":0,"8":0,"9":0,"10":0,"11":0},"b":{"0":[0,0],"1":[0,0],"2":[0,0],"3":[0,0],"4":[0,0],"5":[0,0],"6":[0,0],"7":[0,0],"8":[0,0],"9":[0,0],"10":[0,0],"11":[0,0],"12":[0,0]},"_coverageSchema":"1a1c01bbd47fc00a2c39e90264f33305004495a9","hash":"16c78035fb89c8d90c3dd5be9ee9baa470c1227a"}
}
