TN:
SF:apiDocs.js
FN:269,(anonymous_0)
FNF:1
FNH:1
FNDA:2,(anonymous_0)
DA:3,2
DA:4,2
DA:6,2
DA:264,2
DA:265,2
DA:269,2
DA:270,2
LF:7
LH:7
BRF:0
BRH:0
end_of_record
TN:
SF:index.js
FN:68,(anonymous_0)
FN:74,(anonymous_1)
FN:115,(anonymous_2)
FN:136,(anonymous_3)
FNF:4
FNH:1
FNDA:0,(anonymous_0)
FNDA:11,(anonymous_1)
FNDA:0,(anonymous_2)
FNDA:0,(anonymous_3)
DA:4,2
DA:7,2
DA:10,2
DA:11,2
DA:12,2
DA:13,2
DA:14,2
DA:15,2
DA:16,2
DA:17,2
DA:18,2
DA:19,2
DA:20,2
DA:21,2
DA:22,2
DA:23,2
DA:24,2
DA:26,2
DA:27,2
DA:28,2
DA:29,2
DA:32,2
DA:34,2
DA:38,2
DA:68,2
DA:69,0
DA:70,0
DA:74,2
DA:75,11
DA:76,11
DA:77,11
DA:78,11
DA:81,2
DA:82,2
DA:83,2
DA:84,2
DA:85,2
DA:86,2
DA:87,2
DA:88,2
DA:89,2
DA:90,2
DA:91,2
DA:92,2
DA:115,2
DA:116,0
DA:117,0
DA:118,0
DA:136,2
DA:137,0
DA:138,0
DA:139,0
DA:143,2
LF:53
LH:45
BRDA:69,0,0,0
BRDA:69,0,1,0
BRF:2
BRH:0
end_of_record
TN:
SF:logger.js
FNF:0
FNH:0
DA:2,2
DA:4,2
DA:12,2
DA:13,2
DA:18,2
LF:5
LH:5
BRDA:12,0,0,2
BRDA:12,0,1,0
BRF:2
BRH:1
end_of_record
TN:
SF:server.js
FN:5,(anonymous_0)
FNF:1
FNH:1
FNDA:2,(anonymous_0)
DA:1,2
DA:3,2
DA:5,2
DA:7,2
LF:4
LH:4
BRDA:3,0,0,2
BRDA:3,0,1,2
BRF:2
BRH:2
end_of_record
TN:
SF:utils.js
FN:6,apiResponse
FN:16,findStation
FN:20,findScooter
FNF:3
FNH:1
FNDA:11,apiResponse
FNDA:0,findStation
FNDA:0,findScooter
DA:3,2
DA:4,2
DA:8,11
DA:17,0
DA:21,0
DA:24,2
LF:6
LH:4
BRDA:6,0,0,2
BRDA:6,1,0,0
BRDA:6,2,0,0
BRF:3
BRH:1
end_of_record
TN:
SF:middleware/authMiddleware.js
FN:6,(anonymous_0)
FN:14,(anonymous_1)
FN:24,(anonymous_2)
FN:24,(anonymous_3)
FNF:4
FNH:1
FNDA:0,(anonymous_0)
FNDA:0,(anonymous_1)
FNDA:36,(anonymous_2)
FNDA:0,(anonymous_3)
DA:3,2
DA:4,2
DA:6,2
DA:7,0
DA:9,0
DA:10,0
DA:11,0
DA:14,0
DA:15,0
DA:16,0
DA:17,0
DA:19,0
DA:20,0
DA:24,36
DA:25,0
DA:26,0
DA:28,0
DA:29,0
DA:30,0
DA:31,0
DA:33,0
DA:36,2
LF:22
LH:5
BRDA:9,0,0,0
BRDA:9,0,1,0
BRDA:10,1,0,0
BRDA:10,1,1,0
BRDA:15,2,0,0
BRDA:15,2,1,0
BRDA:25,3,0,0
BRDA:25,3,1,0
BRDA:28,4,0,0
BRDA:28,4,1,0
BRF:10
BRH:0
end_of_record
TN:
SF:models/city.js
FNF:0
FNH:0
DA:2,2
DA:4,2
DA:12,2
DA:14,2
LF:4
LH:4
BRF:0
BRH:0
end_of_record
TN:
SF:models/log.js
FNF:0
FNH:0
DA:2,2
DA:4,2
DA:17,2
DA:19,2
LF:4
LH:4
BRF:0
BRH:0
end_of_record
TN:
SF:models/rental.js
FNF:0
FNH:0
DA:2,2
DA:4,2
DA:25,2
DA:27,2
LF:4
LH:4
BRF:0
BRH:0
end_of_record
TN:
SF:models/scooter.js
FNF:0
FNH:0
DA:2,2
DA:4,2
DA:20,2
DA:22,2
LF:4
LH:4
BRF:0
BRH:0
end_of_record
TN:
SF:models/station.js
FNF:0
FNH:0
DA:2,2
DA:4,2
DA:27,2
DA:29,2
LF:4
LH:4
BRF:0
BRH:0
end_of_record
TN:
SF:models/status.js
FNF:0
FNH:0
DA:2,2
DA:4,2
DA:10,2
DA:12,2
LF:4
LH:4
BRF:0
BRH:0
end_of_record
TN:
SF:models/user.js
FNF:0
FNH:0
DA:2,2
DA:4,2
DA:21,2
DA:23,2
LF:4
LH:4
BRF:0
BRH:0
end_of_record
TN:
SF:routes/v1CityRoutes.js
FN:11,(anonymous_0)
FN:14,(anonymous_1)
FN:25,(anonymous_2)
FN:25,(anonymous_3)
FN:45,(anonymous_4)
FN:80,(anonymous_5)
FN:117,(anonymous_6)
FNF:7
FNH:7
FNDA:2,(anonymous_0)
FNDA:3,(anonymous_1)
FNDA:6,(anonymous_2)
FNDA:7,(anonymous_3)
FNDA:2,(anonymous_4)
FNDA:3,(anonymous_5)
FNDA:2,(anonymous_6)
DA:3,2
DA:4,2
DA:5,2
DA:6,2
DA:7,2
DA:8,2
DA:11,2
DA:12,2
DA:15,3
DA:16,3
DA:17,0
DA:19,3
DA:25,6
DA:26,7
DA:45,2
DA:46,2
DA:47,2
DA:48,1
DA:50,1
DA:80,2
DA:81,3
DA:84,3
DA:85,1
DA:87,2
DA:90,3
DA:91,1
DA:94,2
DA:117,2
DA:118,2
DA:119,2
DA:122,2
LF:31
LH:30
BRDA:16,0,0,0
BRDA:16,0,1,3
BRDA:47,1,0,1
BRDA:47,1,1,1
BRDA:84,2,0,1
BRDA:84,2,1,2
BRDA:90,3,0,1
BRDA:90,3,1,2
BRF:8
BRH:7
end_of_record
TN:
SF:routes/v1LogRoutes.js
FN:13,(anonymous_0)
FN:17,(anonymous_1)
FN:28,(anonymous_2)
FN:28,(anonymous_3)
FN:49,(anonymous_4)
FN:78,(anonymous_5)
FN:116,(anonymous_6)
FN:144,(anonymous_7)
FN:196,(anonymous_8)
FN:235,(anonymous_9)
FNF:10
FNH:6
FNDA:2,(anonymous_0)
FNDA:3,(anonymous_1)
FNDA:12,(anonymous_2)
FNDA:3,(anonymous_3)
FNDA:1,(anonymous_4)
FNDA:2,(anonymous_5)
FNDA:0,(anonymous_6)
FNDA:0,(anonymous_7)
FNDA:0,(anonymous_8)
FNDA:0,(anonymous_9)
DA:3,2
DA:4,2
DA:5,2
DA:6,2
DA:7,2
DA:8,2
DA:9,2
DA:10,2
DA:13,2
DA:14,2
DA:18,3
DA:19,3
DA:20,1
DA:22,2
DA:28,12
DA:29,3
DA:49,2
DA:50,1
DA:51,1
DA:78,2
DA:79,2
DA:92,2
DA:93,2
DA:116,2
DA:117,0
DA:118,0
DA:144,2
DA:145,0
DA:146,0
DA:148,0
DA:149,0
DA:152,0
DA:195,2
DA:197,0
DA:198,0
DA:200,0
DA:201,0
DA:204,0
DA:205,0
DA:206,0
DA:207,0
DA:208,0
DA:209,0
DA:211,0
DA:212,0
DA:235,2
DA:236,0
DA:237,0
DA:239,0
DA:240,0
DA:243,0
DA:246,2
LF:52
LH:28
BRDA:19,0,0,1
BRDA:19,0,1,2
BRDA:84,1,0,2
BRDA:84,1,1,1
BRDA:88,2,0,2
BRDA:88,2,1,1
BRDA:89,3,0,2
BRDA:89,3,1,1
BRDA:148,4,0,0
BRDA:148,4,1,0
BRDA:200,5,0,0
BRDA:200,5,1,0
BRDA:204,6,0,0
BRDA:204,6,1,0
BRDA:205,7,0,0
BRDA:205,7,1,0
BRDA:206,8,0,0
BRDA:206,8,1,0
BRDA:207,9,0,0
BRDA:207,9,1,0
BRDA:208,10,0,0
BRDA:208,10,1,0
BRDA:209,11,0,0
BRDA:209,11,1,0
BRDA:239,12,0,0
BRDA:239,12,1,0
BRF:26
BRH:8
end_of_record
TN:
SF:routes/v1RentalRoutes.js
FN:14,(anonymous_0)
FN:24,(anonymous_1)
FN:26,(anonymous_2)
FN:36,(anonymous_3)
FN:36,(anonymous_4)
FN:57,(anonymous_5)
FN:74,(anonymous_6)
FN:109,(anonymous_7)
FN:168,(anonymous_8)
FN:204,(anonymous_9)
FN:236,(anonymous_10)
FNF:11
FNH:2
FNDA:0,(anonymous_0)
FNDA:2,(anonymous_1)
FNDA:0,(anonymous_2)
FNDA:12,(anonymous_3)
FNDA:0,(anonymous_4)
FNDA:0,(anonymous_5)
FNDA:0,(anonymous_6)
FNDA:0,(anonymous_7)
FNDA:0,(anonymous_8)
FNDA:0,(anonymous_9)
FNDA:0,(anonymous_10)
DA:3,2
DA:4,2
DA:5,2
DA:6,2
DA:7,2
DA:8,2
DA:9,2
DA:12,2
DA:15,0
DA:16,0
DA:17,0
DA:19,0
DA:24,2
DA:27,0
DA:28,0
DA:29,0
DA:31,0
DA:36,12
DA:37,0
DA:57,2
DA:58,0
DA:59,0
DA:74,2
DA:75,0
DA:76,0
DA:109,2
DA:110,0
DA:111,0
DA:112,0
DA:113,0
DA:114,0
DA:118,0
DA:119,0
DA:120,0
DA:122,0
DA:123,0
DA:125,0
DA:126,0
DA:127,0
DA:128,0
DA:129,0
DA:132,0
DA:146,0
DA:147,0
DA:168,2
DA:169,0
DA:171,0
DA:172,0
DA:173,0
DA:174,0
DA:177,0
DA:204,2
DA:205,0
DA:207,0
DA:208,0
DA:209,0
DA:210,0
DA:213,0
DA:214,0
DA:215,0
DA:236,2
DA:237,0
DA:239,0
DA:240,0
DA:241,0
DA:242,0
DA:245,0
DA:248,2
LF:68
LH:17
BRDA:16,0,0,0
BRDA:16,0,1,0
BRDA:28,1,0,0
BRDA:28,1,1,0
BRDA:111,2,0,0
BRDA:111,2,1,0
BRDA:118,3,0,0
BRDA:118,3,1,0
BRDA:126,4,0,0
BRDA:126,4,1,0
BRDA:140,5,0,0
BRDA:140,5,1,0
BRDA:141,6,0,0
BRDA:141,6,1,0
BRDA:142,7,0,0
BRDA:142,7,1,0
BRDA:143,8,0,0
BRDA:143,8,1,0
BRDA:171,9,0,0
BRDA:171,9,1,0
BRDA:207,10,0,0
BRDA:207,10,1,0
BRDA:239,11,0,0
BRDA:239,11,1,0
BRF:24
BRH:0
end_of_record
TN:
SF:routes/v1ScooterRoutes.js
FN:16,(anonymous_0)
FN:26,(anonymous_1)
FN:28,(anonymous_2)
FN:38,(anonymous_3)
FN:38,(anonymous_4)
FN:58,(anonymous_5)
FN:80,(anonymous_6)
FN:134,(anonymous_7)
FN:157,(anonymous_8)
FN:192,(anonymous_9)
FN:244,(anonymous_10)
FNF:11
FNH:2
FNDA:0,(anonymous_0)
FNDA:6,(anonymous_1)
FNDA:0,(anonymous_2)
FNDA:12,(anonymous_3)
FNDA:0,(anonymous_4)
FNDA:0,(anonymous_5)
FNDA:0,(anonymous_6)
FNDA:0,(anonymous_7)
FNDA:0,(anonymous_8)
FNDA:0,(anonymous_9)
FNDA:0,(anonymous_10)
DA:3,2
DA:4,2
DA:5,2
DA:6,2
DA:7,2
DA:8,2
DA:9,2
DA:12,2
DA:17,0
DA:18,0
DA:19,0
DA:21,0
DA:26,6
DA:29,0
DA:30,0
DA:31,0
DA:33,0
DA:38,12
DA:39,0
DA:58,2
DA:59,0
DA:60,0
DA:80,2
DA:81,0
DA:82,0
DA:83,0
DA:85,0
DA:86,0
DA:90,0
DA:106,0
DA:107,0
DA:112,0
DA:113,0
DA:114,0
DA:118,0
DA:119,0
DA:134,2
DA:135,0
DA:136,0
DA:157,2
DA:158,0
DA:159,0
DA:161,0
DA:162,0
DA:165,0
DA:192,2
DA:193,0
DA:195,0
DA:196,0
DA:198,0
DA:199,0
DA:200,0
DA:206,0
DA:208,0
DA:209,0
DA:211,0
DA:213,0
DA:220,0
DA:221,0
DA:223,0
DA:244,2
DA:245,0
DA:247,0
DA:248,0
DA:251,0
DA:254,2
LF:66
LH:17
BRDA:18,0,0,0
BRDA:18,0,1,0
BRDA:30,1,0,0
BRDA:30,1,1,0
BRDA:82,2,0,0
BRDA:82,2,1,0
BRDA:85,3,0,0
BRDA:85,3,1,0
BRDA:95,4,0,0
BRDA:95,4,1,0
BRDA:96,5,0,0
BRDA:96,5,1,0
BRDA:97,6,0,0
BRDA:97,6,1,0
BRDA:100,7,0,0
BRDA:100,7,1,0
BRDA:101,8,0,0
BRDA:101,8,1,0
BRDA:103,9,0,0
BRDA:103,9,1,0
BRDA:106,10,0,0
BRDA:106,10,1,0
BRDA:112,11,0,0
BRDA:112,11,1,0
BRDA:112,12,0,0
BRDA:112,12,1,0
BRDA:161,13,0,0
BRDA:161,13,1,0
BRDA:195,14,0,0
BRDA:195,14,1,0
BRDA:198,15,0,0
BRDA:198,15,1,0
BRDA:199,16,0,0
BRDA:199,16,1,0
BRDA:208,17,0,0
BRDA:208,17,1,0
BRDA:247,18,0,0
BRDA:247,18,1,0
BRF:38
BRH:0
end_of_record
TN:
SF:routes/v1StationRoutes.js
FN:19,(anonymous_0)
FN:29,(anonymous_1)
FN:31,(anonymous_2)
FN:41,(anonymous_3)
FN:41,(anonymous_4)
FN:62,(anonymous_5)
FN:89,(anonymous_6)
FN:134,(anonymous_7)
FN:163,(anonymous_8)
FN:203,(anonymous_9)
FN:312,(anonymous_10)
FN:350,(anonymous_11)
FN:402,(anonymous_12)
FN:414,(anonymous_13)
FNF:14
FNH:2
FNDA:0,(anonymous_0)
FNDA:4,(anonymous_1)
FNDA:0,(anonymous_2)
FNDA:16,(anonymous_3)
FNDA:0,(anonymous_4)
FNDA:0,(anonymous_5)
FNDA:0,(anonymous_6)
FNDA:0,(anonymous_7)
FNDA:0,(anonymous_8)
FNDA:0,(anonymous_9)
FNDA:0,(anonymous_10)
FNDA:0,(anonymous_11)
FNDA:0,(anonymous_12)
FNDA:0,(anonymous_13)
DA:3,2
DA:4,2
DA:5,2
DA:6,2
DA:7,2
DA:9,2
DA:10,2
DA:11,2
DA:14,2
DA:20,0
DA:21,0
DA:22,0
DA:24,0
DA:29,4
DA:32,0
DA:33,0
DA:34,0
DA:36,0
DA:41,16
DA:42,0
DA:62,2
DA:63,0
DA:64,0
DA:89,2
DA:90,0
DA:92,0
DA:93,0
DA:94,0
DA:95,0
DA:96,0
DA:98,0
DA:103,0
DA:106,0
DA:107,0
DA:108,0
DA:110,0
DA:113,0
DA:114,0
DA:117,0
DA:126,0
DA:128,0
DA:129,0
DA:134,2
DA:135,0
DA:137,0
DA:163,2
DA:165,0
DA:166,0
DA:168,0
DA:171,0
DA:172,0
DA:175,0
DA:203,2
DA:204,0
DA:205,0
DA:207,0
DA:208,0
DA:211,0
DA:213,0
DA:215,0
DA:216,0
DA:217,0
DA:218,0
DA:219,0
DA:221,0
DA:222,0
DA:223,0
DA:224,0
DA:227,0
DA:232,0
DA:235,0
DA:237,0
DA:238,0
DA:239,0
DA:240,0
DA:241,0
DA:243,0
DA:248,0
DA:252,0
DA:253,0
DA:254,0
DA:256,0
DA:257,0
DA:260,0
DA:263,0
DA:264,0
DA:265,0
DA:266,0
DA:268,0
DA:271,0
DA:274,0
DA:275,0
DA:278,0
DA:279,0
DA:289,0
DA:290,0
DA:312,2
DA:313,0
DA:315,0
DA:316,0
DA:319,0
DA:350,2
DA:351,0
DA:352,0
DA:354,0
DA:355,0
DA:358,0
DA:359,0
DA:362,0
DA:368,0
DA:369,0
DA:371,0
DA:402,2
DA:403,0
DA:404,0
DA:406,0
DA:407,0
DA:410,0
DA:411,0
DA:414,0
DA:415,0
DA:416,0
DA:418,0
DA:422,2
LF:124
LH:20
BRDA:21,0,0,0
BRDA:21,0,1,0
BRDA:33,1,0,0
BRDA:33,1,1,0
BRDA:95,2,0,0
BRDA:95,2,1,0
BRDA:107,3,0,0
BRDA:107,3,1,0
BRDA:113,4,0,0
BRDA:113,4,1,0
BRDA:165,5,0,0
BRDA:165,5,1,0
BRDA:171,6,0,0
BRDA:171,6,1,0
BRDA:207,7,0,0
BRDA:207,7,1,0
BRDA:215,8,0,0
BRDA:215,8,1,0
BRDA:218,9,0,0
BRDA:218,9,1,0
BRDA:223,10,0,0
BRDA:223,10,1,0
BRDA:237,11,0,0
BRDA:237,11,1,0
BRDA:240,12,0,0
BRDA:240,12,1,0
BRDA:252,13,0,0
BRDA:252,13,1,0
BRDA:253,14,0,0
BRDA:253,14,1,0
BRDA:256,15,0,0
BRDA:256,15,1,0
BRDA:263,16,0,0
BRDA:263,16,1,0
BRDA:265,17,0,0
BRDA:265,17,1,0
BRDA:274,18,0,0
BRDA:274,18,1,0
BRDA:315,19,0,0
BRDA:315,19,1,0
BRDA:354,20,0,0
BRDA:354,20,1,0
BRDA:358,21,0,0
BRDA:358,21,1,0
BRDA:406,22,0,0
BRDA:406,22,1,0
BRDA:410,23,0,0
BRDA:410,23,1,0
BRF:48
BRH:0
end_of_record
TN:
SF:routes/v1userRoutes.js
FN:16,(anonymous_0)
FN:26,(anonymous_1)
FN:28,(anonymous_2)
FN:38,(anonymous_3)
FN:38,(anonymous_4)
FN:58,(anonymous_5)
FN:80,(anonymous_6)
FN:114,(anonymous_7)
FN:143,(anonymous_8)
FN:183,(anonymous_9)
FN:223,(anonymous_10)
FNF:11
FNH:2
FNDA:0,(anonymous_0)
FNDA:4,(anonymous_1)
FNDA:0,(anonymous_2)
FNDA:12,(anonymous_3)
FNDA:0,(anonymous_4)
FNDA:0,(anonymous_5)
FNDA:0,(anonymous_6)
FNDA:0,(anonymous_7)
FNDA:0,(anonymous_8)
FNDA:0,(anonymous_9)
FNDA:0,(anonymous_10)
DA:3,2
DA:4,2
DA:5,2
DA:6,2
DA:7,2
DA:8,2
DA:11,2
DA:17,0
DA:18,0
DA:19,0
DA:21,0
DA:26,4
DA:29,0
DA:30,0
DA:31,0
DA:33,0
DA:38,12
DA:39,0
DA:58,2
DA:59,0
DA:60,0
DA:80,2
DA:81,0
DA:82,0
DA:83,0
DA:84,0
DA:86,0
DA:99,0
DA:100,0
DA:114,2
DA:115,0
DA:117,0
DA:143,2
DA:145,0
DA:146,0
DA:148,0
DA:151,0
DA:152,0
DA:155,0
DA:183,2
DA:185,0
DA:186,0
DA:188,0
DA:191,0
DA:192,0
DA:194,0
DA:195,0
DA:196,0
DA:199,0
DA:200,0
DA:201,0
DA:223,2
DA:225,0
DA:226,0
DA:228,0
DA:231,0
DA:232,0
DA:235,0
DA:238,2
LF:59
LH:16
BRDA:18,0,0,0
BRDA:18,0,1,0
BRDA:30,1,0,0
BRDA:30,1,1,0
BRDA:82,2,0,0
BRDA:82,2,1,0
BRDA:96,3,0,0
BRDA:96,3,1,0
BRDA:145,4,0,0
BRDA:145,4,1,0
BRDA:151,5,0,0
BRDA:151,5,1,0
BRDA:185,6,0,0
BRDA:185,6,1,0
BRDA:191,7,0,0
BRDA:191,7,1,0
BRDA:194,8,0,0
BRDA:194,8,1,0
BRDA:225,9,0,0
BRDA:225,9,1,0
BRDA:231,10,0,0
BRDA:231,10,1,0
BRF:22
BRH:0
end_of_record
TN:
SF:routes/v2CityRoutes.js
FN:12,(anonymous_0)
FN:15,(anonymous_1)
FN:26,(anonymous_2)
FN:26,(anonymous_3)
FN:46,(anonymous_4)
FN:81,(anonymous_5)
FN:120,(anonymous_6)
FNF:7
FNH:2
FNDA:2,(anonymous_0)
FNDA:0,(anonymous_1)
FNDA:6,(anonymous_2)
FNDA:0,(anonymous_3)
FNDA:0,(anonymous_4)
FNDA:0,(anonymous_5)
FNDA:0,(anonymous_6)
DA:3,2
DA:4,2
DA:5,2
DA:6,2
DA:7,2
DA:8,2
DA:9,2
DA:12,2
DA:13,2
DA:16,0
DA:17,0
DA:18,0
DA:20,0
DA:26,6
DA:27,0
DA:46,2
DA:47,0
DA:48,0
DA:49,0
DA:51,0
DA:81,2
DA:82,0
DA:85,0
DA:86,0
DA:88,0
DA:91,0
DA:92,0
DA:95,0
DA:120,2
DA:121,0
DA:122,0
DA:125,2
LF:32
LH:14
BRDA:17,0,0,0
BRDA:17,0,1,0
BRDA:48,1,0,0
BRDA:48,1,1,0
BRDA:85,2,0,0
BRDA:85,2,1,0
BRDA:91,3,0,0
BRDA:91,3,1,0
BRF:8
BRH:0
end_of_record
TN:
SF:routes/v2LogRoutes.js
FN:13,(anonymous_0)
FN:17,(anonymous_1)
FN:38,(anonymous_2)
FN:38,(anonymous_3)
FN:59,(anonymous_4)
FN:90,(anonymous_5)
FN:130,(anonymous_6)
FN:158,(anonymous_7)
FN:212,(anonymous_8)
FN:253,(anonymous_9)
FNF:10
FNH:2
FNDA:2,(anonymous_0)
FNDA:0,(anonymous_1)
FNDA:12,(anonymous_2)
FNDA:0,(anonymous_3)
FNDA:0,(anonymous_4)
FNDA:0,(anonymous_5)
FNDA:0,(anonymous_6)
FNDA:0,(anonymous_7)
FNDA:0,(anonymous_8)
FNDA:0,(anonymous_9)
DA:3,2
DA:4,2
DA:5,2
DA:6,2
DA:7,2
DA:8,2
DA:9,2
DA:10,2
DA:13,2
DA:14,2
DA:18,0
DA:19,0
DA:20,0
DA:22,0
DA:38,12
DA:39,0
DA:59,2
DA:60,0
DA:61,0
DA:90,2
DA:91,0
DA:104,0
DA:105,0
DA:130,2
DA:131,0
DA:132,0
DA:158,2
DA:159,0
DA:160,0
DA:162,0
DA:163,0
DA:166,0
DA:211,2
DA:213,0
DA:214,0
DA:216,0
DA:217,0
DA:220,0
DA:221,0
DA:222,0
DA:223,0
DA:224,0
DA:225,0
DA:227,0
DA:228,0
DA:253,2
DA:254,0
DA:255,0
DA:257,0
DA:258,0
DA:261,0
DA:264,2
LF:52
LH:18
BRDA:19,0,0,0
BRDA:19,0,1,0
BRDA:96,1,0,0
BRDA:96,1,1,0
BRDA:100,2,0,0
BRDA:100,2,1,0
BRDA:101,3,0,0
BRDA:101,3,1,0
BRDA:162,4,0,0
BRDA:162,4,1,0
BRDA:216,5,0,0
BRDA:216,5,1,0
BRDA:220,6,0,0
BRDA:220,6,1,0
BRDA:221,7,0,0
BRDA:221,7,1,0
BRDA:222,8,0,0
BRDA:222,8,1,0
BRDA:223,9,0,0
BRDA:223,9,1,0
BRDA:224,10,0,0
BRDA:224,10,1,0
BRDA:225,11,0,0
BRDA:225,11,1,0
BRDA:257,12,0,0
BRDA:257,12,1,0
BRF:26
BRH:0
end_of_record
TN:
SF:routes/v2RentalRoutes.js
FN:15,(anonymous_0)
FN:25,(anonymous_1)
FN:27,(anonymous_2)
FN:37,(anonymous_3)
FN:37,(anonymous_4)
FN:58,(anonymous_5)
FN:75,(anonymous_6)
FN:110,(anonymous_7)
FN:169,(anonymous_8)
FN:205,(anonymous_9)
FN:237,(anonymous_10)
FNF:11
FNH:2
FNDA:0,(anonymous_0)
FNDA:2,(anonymous_1)
FNDA:0,(anonymous_2)
FNDA:12,(anonymous_3)
FNDA:0,(anonymous_4)
FNDA:0,(anonymous_5)
FNDA:0,(anonymous_6)
FNDA:0,(anonymous_7)
FNDA:0,(anonymous_8)
FNDA:0,(anonymous_9)
FNDA:0,(anonymous_10)
DA:3,2
DA:4,2
DA:5,2
DA:6,2
DA:7,2
DA:8,2
DA:9,2
DA:10,2
DA:13,2
DA:16,0
DA:17,0
DA:18,0
DA:20,0
DA:25,2
DA:28,0
DA:29,0
DA:30,0
DA:32,0
DA:37,12
DA:38,0
DA:58,2
DA:59,0
DA:60,0
DA:75,2
DA:76,0
DA:77,0
DA:110,2
DA:111,0
DA:112,0
DA:113,0
DA:114,0
DA:115,0
DA:119,0
DA:120,0
DA:121,0
DA:123,0
DA:124,0
DA:126,0
DA:127,0
DA:128,0
DA:129,0
DA:130,0
DA:133,0
DA:147,0
DA:148,0
DA:169,2
DA:170,0
DA:172,0
DA:173,0
DA:174,0
DA:175,0
DA:178,0
DA:205,2
DA:206,0
DA:208,0
DA:209,0
DA:210,0
DA:211,0
DA:214,0
DA:215,0
DA:216,0
DA:237,2
DA:238,0
DA:240,0
DA:241,0
DA:242,0
DA:243,0
DA:246,0
DA:249,2
LF:69
LH:18
BRDA:17,0,0,0
BRDA:17,0,1,0
BRDA:29,1,0,0
BRDA:29,1,1,0
BRDA:112,2,0,0
BRDA:112,2,1,0
BRDA:119,3,0,0
BRDA:119,3,1,0
BRDA:127,4,0,0
BRDA:127,4,1,0
BRDA:141,5,0,0
BRDA:141,5,1,0
BRDA:142,6,0,0
BRDA:142,6,1,0
BRDA:143,7,0,0
BRDA:143,7,1,0
BRDA:144,8,0,0
BRDA:144,8,1,0
BRDA:172,9,0,0
BRDA:172,9,1,0
BRDA:208,10,0,0
BRDA:208,10,1,0
BRDA:240,11,0,0
BRDA:240,11,1,0
BRF:24
BRH:0
end_of_record
TN:
SF:routes/v2ScooterRoutes.js
FN:17,(anonymous_0)
FN:27,(anonymous_1)
FN:29,(anonymous_2)
FN:39,(anonymous_3)
FN:39,(anonymous_4)
FN:59,(anonymous_5)
FN:81,(anonymous_6)
FN:135,(anonymous_7)
FN:158,(anonymous_8)
FN:193,(anonymous_9)
FN:245,(anonymous_10)
FNF:11
FNH:2
FNDA:0,(anonymous_0)
FNDA:6,(anonymous_1)
FNDA:0,(anonymous_2)
FNDA:12,(anonymous_3)
FNDA:0,(anonymous_4)
FNDA:0,(anonymous_5)
FNDA:0,(anonymous_6)
FNDA:0,(anonymous_7)
FNDA:0,(anonymous_8)
FNDA:0,(anonymous_9)
FNDA:0,(anonymous_10)
DA:3,2
DA:4,2
DA:5,2
DA:6,2
DA:7,2
DA:8,2
DA:9,2
DA:10,2
DA:13,2
DA:18,0
DA:19,0
DA:20,0
DA:22,0
DA:27,6
DA:30,0
DA:31,0
DA:32,0
DA:34,0
DA:39,12
DA:40,0
DA:59,2
DA:60,0
DA:61,0
DA:81,2
DA:82,0
DA:83,0
DA:84,0
DA:86,0
DA:87,0
DA:91,0
DA:107,0
DA:108,0
DA:113,0
DA:114,0
DA:115,0
DA:119,0
DA:120,0
DA:135,2
DA:136,0
DA:137,0
DA:158,2
DA:159,0
DA:160,0
DA:162,0
DA:163,0
DA:166,0
DA:193,2
DA:194,0
DA:196,0
DA:197,0
DA:199,0
DA:200,0
DA:201,0
DA:207,0
DA:209,0
DA:210,0
DA:212,0
DA:214,0
DA:221,0
DA:222,0
DA:224,0
DA:245,2
DA:246,0
DA:248,0
DA:249,0
DA:252,0
DA:255,2
LF:67
LH:18
BRDA:19,0,0,0
BRDA:19,0,1,0
BRDA:31,1,0,0
BRDA:31,1,1,0
BRDA:83,2,0,0
BRDA:83,2,1,0
BRDA:86,3,0,0
BRDA:86,3,1,0
BRDA:96,4,0,0
BRDA:96,4,1,0
BRDA:97,5,0,0
BRDA:97,5,1,0
BRDA:98,6,0,0
BRDA:98,6,1,0
BRDA:101,7,0,0
BRDA:101,7,1,0
BRDA:102,8,0,0
BRDA:102,8,1,0
BRDA:104,9,0,0
BRDA:104,9,1,0
BRDA:107,10,0,0
BRDA:107,10,1,0
BRDA:113,11,0,0
BRDA:113,11,1,0
BRDA:113,12,0,0
BRDA:113,12,1,0
BRDA:162,13,0,0
BRDA:162,13,1,0
BRDA:196,14,0,0
BRDA:196,14,1,0
BRDA:199,15,0,0
BRDA:199,15,1,0
BRDA:200,16,0,0
BRDA:200,16,1,0
BRDA:209,17,0,0
BRDA:209,17,1,0
BRDA:248,18,0,0
BRDA:248,18,1,0
BRF:38
BRH:0
end_of_record
TN:
SF:routes/v2StationRoutes.js
FN:20,(anonymous_0)
FN:30,(anonymous_1)
FN:32,(anonymous_2)
FN:42,(anonymous_3)
FN:42,(anonymous_4)
FN:65,(anonymous_5)
FN:94,(anonymous_6)
FN:139,(anonymous_7)
FN:170,(anonymous_8)
FN:212,(anonymous_9)
FN:323,(anonymous_10)
FN:363,(anonymous_11)
FN:417,(anonymous_12)
FN:429,(anonymous_13)
FNF:14
FNH:2
FNDA:0,(anonymous_0)
FNDA:4,(anonymous_1)
FNDA:0,(anonymous_2)
FNDA:16,(anonymous_3)
FNDA:0,(anonymous_4)
FNDA:0,(anonymous_5)
FNDA:0,(anonymous_6)
FNDA:0,(anonymous_7)
FNDA:0,(anonymous_8)
FNDA:0,(anonymous_9)
FNDA:0,(anonymous_10)
FNDA:0,(anonymous_11)
FNDA:0,(anonymous_12)
FNDA:0,(anonymous_13)
DA:3,2
DA:4,2
DA:5,2
DA:6,2
DA:7,2
DA:9,2
DA:10,2
DA:11,2
DA:12,2
DA:15,2
DA:21,0
DA:22,0
DA:23,0
DA:25,0
DA:30,4
DA:33,0
DA:34,0
DA:35,0
DA:37,0
DA:42,16
DA:43,0
DA:65,2
DA:66,0
DA:67,0
DA:94,2
DA:95,0
DA:97,0
DA:98,0
DA:99,0
DA:100,0
DA:101,0
DA:103,0
DA:108,0
DA:111,0
DA:112,0
DA:113,0
DA:115,0
DA:118,0
DA:119,0
DA:122,0
DA:131,0
DA:133,0
DA:134,0
DA:139,2
DA:140,0
DA:142,0
DA:170,2
DA:172,0
DA:173,0
DA:175,0
DA:178,0
DA:179,0
DA:182,0
DA:212,2
DA:213,0
DA:214,0
DA:216,0
DA:217,0
DA:220,0
DA:222,0
DA:224,0
DA:225,0
DA:226,0
DA:227,0
DA:228,0
DA:230,0
DA:231,0
DA:232,0
DA:233,0
DA:236,0
DA:241,0
DA:244,0
DA:246,0
DA:247,0
DA:248,0
DA:249,0
DA:250,0
DA:252,0
DA:257,0
DA:261,0
DA:262,0
DA:263,0
DA:265,0
DA:266,0
DA:269,0
DA:272,0
DA:273,0
DA:274,0
DA:275,0
DA:277,0
DA:280,0
DA:283,0
DA:284,0
DA:287,0
DA:288,0
DA:298,0
DA:299,0
DA:323,2
DA:324,0
DA:326,0
DA:327,0
DA:330,0
DA:363,2
DA:364,0
DA:365,0
DA:367,0
DA:368,0
DA:371,0
DA:372,0
DA:375,0
DA:381,0
DA:382,0
DA:384,0
DA:417,2
DA:418,0
DA:419,0
DA:421,0
DA:422,0
DA:425,0
DA:426,0
DA:429,0
DA:430,0
DA:431,0
DA:433,0
DA:437,2
LF:125
LH:21
BRDA:22,0,0,0
BRDA:22,0,1,0
BRDA:34,1,0,0
BRDA:34,1,1,0
BRDA:100,2,0,0
BRDA:100,2,1,0
BRDA:112,3,0,0
BRDA:112,3,1,0
BRDA:118,4,0,0
BRDA:118,4,1,0
BRDA:172,5,0,0
BRDA:172,5,1,0
BRDA:178,6,0,0
BRDA:178,6,1,0
BRDA:216,7,0,0
BRDA:216,7,1,0
BRDA:224,8,0,0
BRDA:224,8,1,0
BRDA:227,9,0,0
BRDA:227,9,1,0
BRDA:232,10,0,0
BRDA:232,10,1,0
BRDA:246,11,0,0
BRDA:246,11,1,0
BRDA:249,12,0,0
BRDA:249,12,1,0
BRDA:261,13,0,0
BRDA:261,13,1,0
BRDA:262,14,0,0
BRDA:262,14,1,0
BRDA:265,15,0,0
BRDA:265,15,1,0
BRDA:272,16,0,0
BRDA:272,16,1,0
BRDA:274,17,0,0
BRDA:274,17,1,0
BRDA:283,18,0,0
BRDA:283,18,1,0
BRDA:326,19,0,0
BRDA:326,19,1,0
BRDA:367,20,0,0
BRDA:367,20,1,0
BRDA:371,21,0,0
BRDA:371,21,1,0
BRDA:421,22,0,0
BRDA:421,22,1,0
BRDA:425,23,0,0
BRDA:425,23,1,0
BRF:48
BRH:0
end_of_record
TN:
SF:routes/v2userRoutes.js
FN:20,(anonymous_0)
FN:30,(anonymous_1)
FN:32,(anonymous_2)
FN:42,(anonymous_3)
FN:42,(anonymous_4)
FN:47,(anonymous_5)
FN:84,(anonymous_6)
FN:108,(anonymous_7)
FN:145,(anonymous_8)
FN:174,(anonymous_9)
FN:216,(anonymous_10)
FN:258,(anonymous_11)
FNF:12
FNH:2
FNDA:0,(anonymous_0)
FNDA:4,(anonymous_1)
FNDA:0,(anonymous_2)
FNDA:14,(anonymous_3)
FNDA:0,(anonymous_4)
FNDA:0,(anonymous_5)
FNDA:0,(anonymous_6)
FNDA:0,(anonymous_7)
FNDA:0,(anonymous_8)
FNDA:0,(anonymous_9)
FNDA:0,(anonymous_10)
FNDA:0,(anonymous_11)
DA:3,2
DA:4,2
DA:5,2
DA:6,2
DA:7,2
DA:8,2
DA:9,2
DA:10,2
DA:11,2
DA:14,2
DA:21,0
DA:22,0
DA:23,0
DA:25,0
DA:30,4
DA:33,0
DA:34,0
DA:35,0
DA:37,0
DA:42,14
DA:43,0
DA:47,2
DA:48,0
DA:50,0
DA:51,0
DA:52,0
DA:53,0
DA:56,0
DA:57,0
DA:58,0
DA:60,0
DA:63,0
DA:84,2
DA:85,0
DA:86,0
DA:108,2
DA:109,0
DA:110,0
DA:111,0
DA:112,0
DA:114,0
DA:128,0
DA:129,0
DA:145,2
DA:146,0
DA:148,0
DA:174,2
DA:176,0
DA:177,0
DA:179,0
DA:182,0
DA:183,0
DA:186,0
DA:216,2
DA:218,0
DA:219,0
DA:221,0
DA:224,0
DA:225,0
DA:227,0
DA:228,0
DA:229,0
DA:232,0
DA:233,0
DA:234,0
DA:258,2
DA:260,0
DA:261,0
DA:263,0
DA:266,0
DA:267,0
DA:270,0
DA:273,2
LF:73
LH:20
BRDA:22,0,0,0
BRDA:22,0,1,0
BRDA:34,1,0,0
BRDA:34,1,1,0
BRDA:52,2,0,0
BRDA:52,2,1,0
BRDA:56,3,0,0
BRDA:56,3,1,0
BRDA:110,4,0,0
BRDA:110,4,1,0
BRDA:125,5,0,0
BRDA:125,5,1,0
BRDA:176,6,0,0
BRDA:176,6,1,0
BRDA:182,7,0,0
BRDA:182,7,1,0
BRDA:218,8,0,0
BRDA:218,8,1,0
BRDA:224,9,0,0
BRDA:224,9,1,0
BRDA:227,10,0,0
BRDA:227,10,1,0
BRDA:260,11,0,0
BRDA:260,11,1,0
BRDA:266,12,0,0
BRDA:266,12,1,0
BRF:26
BRH:0
end_of_record
