TN:
SF:apiDocs.js
FN:269,(anonymous_0)
FNF:1
FNH:1
FNDA:3,(anonymous_0)
DA:3,3
DA:4,3
DA:6,3
DA:264,3
DA:265,3
DA:269,3
DA:270,3
LF:7
LH:7
BRF:0
BRH:0
end_of_record
TN:
SF:index.js
FN:68,(anonymous_0)
FN:74,(anonymous_1)
FN:115,(anonymous_2)
FN:136,(anonymous_3)
FNF:4
FNH:1
FNDA:0,(anonymous_0)
FNDA:34,(anonymous_1)
FNDA:0,(anonymous_2)
FNDA:0,(anonymous_3)
DA:4,3
DA:7,3
DA:10,3
DA:11,3
DA:12,3
DA:13,3
DA:14,3
DA:15,3
DA:16,3
DA:17,3
DA:18,3
DA:19,3
DA:20,3
DA:21,3
DA:22,3
DA:23,3
DA:24,3
DA:26,3
DA:27,3
DA:28,3
DA:29,3
DA:32,3
DA:34,3
DA:38,3
DA:68,3
DA:69,0
DA:70,0
DA:74,3
DA:75,34
DA:76,34
DA:77,34
DA:78,34
DA:81,3
DA:82,3
DA:83,3
DA:84,3
DA:85,3
DA:86,3
DA:87,3
DA:88,3
DA:89,3
DA:90,3
DA:91,3
DA:92,3
DA:115,3
DA:116,0
DA:117,0
DA:118,0
DA:136,3
DA:137,0
DA:138,0
DA:139,0
DA:143,3
LF:53
LH:45
BRDA:69,0,0,0
BRDA:69,0,1,0
BRF:2
BRH:0
end_of_record
TN:
SF:logger.js
FNF:0
FNH:0
DA:2,3
DA:4,3
DA:12,3
DA:13,3
DA:18,3
LF:5
LH:5
BRDA:12,0,0,3
BRDA:12,0,1,0
BRF:2
BRH:1
end_of_record
TN:
SF:server.js
FN:5,(anonymous_0)
FNF:1
FNH:1
FNDA:3,(anonymous_0)
DA:1,3
DA:3,3
DA:5,3
DA:7,3
LF:4
LH:4
BRDA:3,0,0,3
BRDA:3,0,1,3
BRF:2
BRH:2
end_of_record
TN:
SF:utils.js
FN:6,apiResponse
FN:16,findStation
FN:20,findScooter
FNF:3
FNH:2
FNDA:34,apiResponse
FNDA:0,findStation
FNDA:4,findScooter
DA:3,3
DA:4,3
DA:8,34
DA:17,0
DA:21,4
DA:24,3
LF:6
LH:5
BRDA:6,0,0,4
BRDA:6,1,0,0
BRDA:6,2,0,0
BRF:3
BRH:1
end_of_record
TN:
SF:middleware/authMiddleware.js
FN:6,(anonymous_0)
FN:14,(anonymous_1)
FN:24,(anonymous_2)
FN:24,(anonymous_3)
FNF:4
FNH:1
FNDA:0,(anonymous_0)
FNDA:0,(anonymous_1)
FNDA:54,(anonymous_2)
FNDA:0,(anonymous_3)
DA:3,3
DA:4,3
DA:6,3
DA:7,0
DA:9,0
DA:10,0
DA:11,0
DA:14,0
DA:15,0
DA:16,0
DA:17,0
DA:19,0
DA:20,0
DA:24,54
DA:25,0
DA:26,0
DA:28,0
DA:29,0
DA:30,0
DA:31,0
DA:33,0
DA:36,3
LF:22
LH:5
BRDA:9,0,0,0
BRDA:9,0,1,0
BRDA:10,1,0,0
BRDA:10,1,1,0
BRDA:15,2,0,0
BRDA:15,2,1,0
BRDA:25,3,0,0
BRDA:25,3,1,0
BRDA:28,4,0,0
BRDA:28,4,1,0
BRF:10
BRH:0
end_of_record
TN:
SF:models/city.js
FNF:0
FNH:0
DA:2,3
DA:4,3
DA:12,3
DA:14,3
LF:4
LH:4
BRF:0
BRH:0
end_of_record
TN:
SF:models/log.js
FNF:0
FNH:0
DA:2,3
DA:4,3
DA:17,3
DA:19,3
LF:4
LH:4
BRF:0
BRH:0
end_of_record
TN:
SF:models/rental.js
FNF:0
FNH:0
DA:2,3
DA:4,3
DA:25,3
DA:27,3
LF:4
LH:4
BRF:0
BRH:0
end_of_record
TN:
SF:models/scooter.js
FNF:0
FNH:0
DA:2,2
DA:4,2
DA:22,2
DA:24,2
LF:4
LH:4
BRF:0
BRH:0
end_of_record
TN:
SF:models/station.js
FNF:0
FNH:0
DA:2,3
DA:4,3
DA:27,3
DA:29,3
LF:4
LH:4
BRF:0
BRH:0
end_of_record
TN:
SF:models/status.js
FNF:0
FNH:0
DA:2,3
DA:4,3
DA:10,3
DA:12,3
LF:4
LH:4
BRF:0
BRH:0
end_of_record
TN:
SF:models/user.js
FNF:0
FNH:0
DA:2,3
DA:4,3
DA:21,3
DA:23,3
LF:4
LH:4
BRF:0
BRH:0
end_of_record
TN:
SF:routes/v1CityRoutes.js
FN:11,(anonymous_0)
FN:11,(anonymous_1)
FN:31,(anonymous_2)
FN:66,(anonymous_3)
FN:103,(anonymous_4)
FNF:5
FNH:5
FNDA:9,(anonymous_0)
FNDA:7,(anonymous_1)
FNDA:2,(anonymous_2)
FNDA:3,(anonymous_3)
FNDA:2,(anonymous_4)
DA:3,3
DA:4,3
DA:5,3
DA:6,3
DA:7,3
DA:8,3
DA:11,9
DA:12,7
DA:31,3
DA:32,2
DA:33,2
DA:34,1
DA:36,1
DA:66,3
DA:67,3
DA:70,3
DA:71,1
DA:73,2
DA:76,3
DA:77,1
DA:80,2
DA:103,3
DA:104,2
DA:105,2
DA:108,3
LF:25
LH:25
BRDA:33,0,0,1
BRDA:33,0,1,1
BRDA:70,1,0,1
BRDA:70,1,1,2
BRDA:76,2,0,1
BRDA:76,2,1,2
BRF:6
BRH:6
end_of_record
TN:
SF:routes/v1LogRoutes.js
FN:13,(anonymous_0)
FN:17,(anonymous_1)
FN:28,(anonymous_2)
FN:28,(anonymous_3)
FN:49,(anonymous_4)
FN:82,(anonymous_5)
FN:120,(anonymous_6)
FN:148,(anonymous_7)
FN:200,(anonymous_8)
FN:255,(anonymous_9)
FNF:10
FNH:10
FNDA:3,(anonymous_0)
FNDA:2,(anonymous_1)
FNDA:18,(anonymous_2)
FNDA:12,(anonymous_3)
FNDA:2,(anonymous_4)
FNDA:1,(anonymous_5)
FNDA:1,(anonymous_6)
FNDA:2,(anonymous_7)
FNDA:3,(anonymous_8)
FNDA:3,(anonymous_9)
DA:3,3
DA:4,3
DA:5,3
DA:6,3
DA:7,3
DA:8,3
DA:9,3
DA:10,3
DA:13,3
DA:14,3
DA:18,2
DA:19,2
DA:20,1
DA:22,1
DA:28,18
DA:29,12
DA:49,3
DA:50,2
DA:51,2
DA:52,1
DA:54,1
DA:82,3
DA:83,1
DA:96,1
DA:97,1
DA:120,3
DA:121,1
DA:122,1
DA:148,3
DA:149,2
DA:150,2
DA:152,2
DA:153,1
DA:156,1
DA:199,3
DA:201,3
DA:202,3
DA:203,3
DA:205,2
DA:206,1
DA:221,1
DA:223,1
DA:228,1
DA:229,1
DA:231,1
DA:255,3
DA:256,3
DA:257,3
DA:258,3
DA:260,2
DA:261,1
DA:264,1
DA:267,1
DA:271,3
LF:54
LH:54
BRDA:19,0,0,1
BRDA:19,0,1,1
BRDA:88,1,0,1
BRDA:88,1,1,0
BRDA:92,2,0,1
BRDA:92,2,1,0
BRDA:93,3,0,1
BRDA:93,3,1,0
BRDA:152,4,0,1
BRDA:152,4,1,1
BRDA:205,5,0,1
BRDA:205,5,1,1
BRDA:221,6,0,0
BRDA:221,6,1,1
BRDA:260,7,0,1
BRDA:260,7,1,1
BRF:16
BRH:12
end_of_record
TN:
SF:routes/v1RentalRoutes.js
FN:14,(anonymous_0)
FN:24,(anonymous_1)
FN:24,(anonymous_2)
FN:45,(anonymous_3)
FN:62,(anonymous_4)
FN:97,(anonymous_5)
FN:153,(anonymous_6)
FN:189,(anonymous_7)
FN:223,(anonymous_8)
FNF:9
FNH:9
FNDA:5,(anonymous_0)
FNDA:18,(anonymous_1)
FNDA:13,(anonymous_2)
FNDA:1,(anonymous_3)
FNDA:1,(anonymous_4)
FNDA:4,(anonymous_5)
FNDA:2,(anonymous_6)
FNDA:3,(anonymous_7)
FNDA:2,(anonymous_8)
DA:3,3
DA:4,3
DA:5,3
DA:6,3
DA:7,3
DA:8,3
DA:9,3
DA:12,3
DA:15,5
DA:16,5
DA:17,1
DA:19,4
DA:24,18
DA:25,13
DA:45,3
DA:46,1
DA:47,1
DA:62,3
DA:63,1
DA:64,1
DA:97,3
DA:98,4
DA:99,4
DA:100,1
DA:101,1
DA:102,1
DA:106,3
DA:107,2
DA:109,1
DA:111,3
DA:112,1
DA:113,1
DA:114,1
DA:117,2
DA:131,2
DA:132,2
DA:153,3
DA:154,2
DA:156,2
DA:157,1
DA:158,1
DA:159,1
DA:162,1
DA:189,3
DA:190,3
DA:191,3
DA:192,3
DA:193,1
DA:196,2
DA:197,2
DA:198,1
DA:201,1
DA:223,3
DA:224,2
DA:226,2
DA:227,1
DA:228,1
DA:229,1
DA:232,1
DA:235,3
LF:60
LH:60
BRDA:16,0,0,1
BRDA:16,0,1,4
BRDA:99,1,0,1
BRDA:99,1,1,3
BRDA:106,2,0,2
BRDA:106,2,1,1
BRDA:111,3,0,1
BRDA:111,3,1,2
BRDA:125,4,0,2
BRDA:125,4,1,2
BRDA:126,5,0,2
BRDA:126,5,1,2
BRDA:127,6,0,2
BRDA:127,6,1,2
BRDA:128,7,0,2
BRDA:128,7,1,2
BRDA:156,8,0,1
BRDA:156,8,1,1
BRDA:192,9,0,1
BRDA:192,9,1,2
BRDA:226,10,0,1
BRDA:226,10,1,1
BRF:22
BRH:22
end_of_record
TN:
SF:routes/v1ScooterRoutes.js
FN:16,(anonymous_0)
FN:26,(anonymous_1)
FN:28,(anonymous_2)
FN:38,(anonymous_3)
FN:38,(anonymous_4)
FN:58,(anonymous_5)
FN:80,(anonymous_6)
FN:136,(anonymous_7)
FN:159,(anonymous_8)
FN:194,(anonymous_9)
FN:246,(anonymous_10)
FNF:11
FNH:2
FNDA:0,(anonymous_0)
FNDA:9,(anonymous_1)
FNDA:0,(anonymous_2)
FNDA:18,(anonymous_3)
FNDA:0,(anonymous_4)
FNDA:0,(anonymous_5)
FNDA:0,(anonymous_6)
FNDA:0,(anonymous_7)
FNDA:0,(anonymous_8)
FNDA:0,(anonymous_9)
FNDA:0,(anonymous_10)
DA:3,3
DA:4,3
DA:5,3
DA:6,3
DA:7,3
DA:8,3
DA:9,3
DA:12,3
DA:17,0
DA:18,0
DA:19,0
DA:21,0
DA:26,9
DA:29,0
DA:30,0
DA:31,0
DA:33,0
DA:38,18
DA:39,0
DA:58,3
DA:59,0
DA:60,0
DA:80,3
DA:81,0
DA:82,0
DA:83,0
DA:85,0
DA:86,0
DA:90,0
DA:108,0
DA:109,0
DA:114,0
DA:115,0
DA:116,0
DA:120,0
DA:121,0
DA:136,3
DA:137,0
DA:138,0
DA:159,3
DA:160,0
DA:161,0
DA:163,0
DA:164,0
DA:167,0
DA:194,3
DA:195,0
DA:197,0
DA:198,0
DA:200,0
DA:201,0
DA:202,0
DA:208,0
DA:210,0
DA:211,0
DA:213,0
DA:215,0
DA:222,0
DA:223,0
DA:225,0
DA:246,3
DA:247,0
DA:249,0
DA:250,0
DA:253,0
DA:256,3
LF:66
LH:17
BRDA:18,0,0,0
BRDA:18,0,1,0
BRDA:30,1,0,0
BRDA:30,1,1,0
BRDA:82,2,0,0
BRDA:82,2,1,0
BRDA:85,3,0,0
BRDA:85,3,1,0
BRDA:95,4,0,0
BRDA:95,4,1,0
BRDA:96,5,0,0
BRDA:96,5,1,0
BRDA:97,6,0,0
BRDA:97,6,1,0
BRDA:100,7,0,0
BRDA:100,7,1,0
BRDA:101,8,0,0
BRDA:101,8,1,0
BRDA:103,9,0,0
BRDA:103,9,1,0
BRDA:104,10,0,0
BRDA:104,10,1,0
BRDA:105,11,0,0
BRDA:105,11,1,0
BRDA:108,12,0,0
BRDA:108,12,1,0
BRDA:114,13,0,0
BRDA:114,13,1,0
BRDA:114,14,0,0
BRDA:114,14,1,0
BRDA:163,15,0,0
BRDA:163,15,1,0
BRDA:197,16,0,0
BRDA:197,16,1,0
BRDA:200,17,0,0
BRDA:200,17,1,0
BRDA:201,18,0,0
BRDA:201,18,1,0
BRDA:210,19,0,0
BRDA:210,19,1,0
BRDA:249,20,0,0
BRDA:249,20,1,0
BRF:42
BRH:0
end_of_record
TN:
SF:routes/v1StationRoutes.js
FN:19,(anonymous_0)
FN:29,(anonymous_1)
FN:31,(anonymous_2)
FN:41,(anonymous_3)
FN:41,(anonymous_4)
FN:62,(anonymous_5)
FN:89,(anonymous_6)
FN:134,(anonymous_7)
FN:163,(anonymous_8)
FN:203,(anonymous_9)
FN:312,(anonymous_10)
FN:350,(anonymous_11)
FN:402,(anonymous_12)
FN:414,(anonymous_13)
FNF:14
FNH:2
FNDA:0,(anonymous_0)
FNDA:6,(anonymous_1)
FNDA:0,(anonymous_2)
FNDA:24,(anonymous_3)
FNDA:0,(anonymous_4)
FNDA:0,(anonymous_5)
FNDA:0,(anonymous_6)
FNDA:0,(anonymous_7)
FNDA:0,(anonymous_8)
FNDA:0,(anonymous_9)
FNDA:0,(anonymous_10)
FNDA:0,(anonymous_11)
FNDA:0,(anonymous_12)
FNDA:0,(anonymous_13)
DA:3,3
DA:4,3
DA:5,3
DA:6,3
DA:7,3
DA:9,3
DA:10,3
DA:11,3
DA:14,3
DA:20,0
DA:21,0
DA:22,0
DA:24,0
DA:29,6
DA:32,0
DA:33,0
DA:34,0
DA:36,0
DA:41,24
DA:42,0
DA:62,3
DA:63,0
DA:64,0
DA:89,3
DA:90,0
DA:92,0
DA:93,0
DA:94,0
DA:95,0
DA:96,0
DA:98,0
DA:103,0
DA:106,0
DA:107,0
DA:108,0
DA:110,0
DA:113,0
DA:114,0
DA:117,0
DA:126,0
DA:128,0
DA:129,0
DA:134,3
DA:135,0
DA:137,0
DA:163,3
DA:165,0
DA:166,0
DA:168,0
DA:171,0
DA:172,0
DA:175,0
DA:203,3
DA:204,0
DA:205,0
DA:207,0
DA:208,0
DA:211,0
DA:213,0
DA:215,0
DA:216,0
DA:217,0
DA:218,0
DA:219,0
DA:221,0
DA:222,0
DA:223,0
DA:224,0
DA:227,0
DA:232,0
DA:235,0
DA:237,0
DA:238,0
DA:239,0
DA:240,0
DA:241,0
DA:243,0
DA:248,0
DA:252,0
DA:253,0
DA:254,0
DA:256,0
DA:257,0
DA:260,0
DA:263,0
DA:264,0
DA:265,0
DA:266,0
DA:268,0
DA:271,0
DA:274,0
DA:275,0
DA:278,0
DA:279,0
DA:289,0
DA:290,0
DA:312,3
DA:313,0
DA:315,0
DA:316,0
DA:319,0
DA:350,3
DA:351,0
DA:352,0
DA:354,0
DA:355,0
DA:358,0
DA:359,0
DA:362,0
DA:368,0
DA:369,0
DA:371,0
DA:402,3
DA:403,0
DA:404,0
DA:406,0
DA:407,0
DA:410,0
DA:411,0
DA:414,0
DA:415,0
DA:416,0
DA:418,0
DA:422,3
LF:124
LH:20
BRDA:21,0,0,0
BRDA:21,0,1,0
BRDA:33,1,0,0
BRDA:33,1,1,0
BRDA:95,2,0,0
BRDA:95,2,1,0
BRDA:107,3,0,0
BRDA:107,3,1,0
BRDA:113,4,0,0
BRDA:113,4,1,0
BRDA:165,5,0,0
BRDA:165,5,1,0
BRDA:171,6,0,0
BRDA:171,6,1,0
BRDA:207,7,0,0
BRDA:207,7,1,0
BRDA:215,8,0,0
BRDA:215,8,1,0
BRDA:218,9,0,0
BRDA:218,9,1,0
BRDA:223,10,0,0
BRDA:223,10,1,0
BRDA:237,11,0,0
BRDA:237,11,1,0
BRDA:240,12,0,0
BRDA:240,12,1,0
BRDA:252,13,0,0
BRDA:252,13,1,0
BRDA:253,14,0,0
BRDA:253,14,1,0
BRDA:256,15,0,0
BRDA:256,15,1,0
BRDA:263,16,0,0
BRDA:263,16,1,0
BRDA:265,17,0,0
BRDA:265,17,1,0
BRDA:274,18,0,0
BRDA:274,18,1,0
BRDA:315,19,0,0
BRDA:315,19,1,0
BRDA:354,20,0,0
BRDA:354,20,1,0
BRDA:358,21,0,0
BRDA:358,21,1,0
BRDA:406,22,0,0
BRDA:406,22,1,0
BRDA:410,23,0,0
BRDA:410,23,1,0
BRF:48
BRH:0
end_of_record
TN:
SF:routes/v1userRoutes.js
FN:16,(anonymous_0)
FN:26,(anonymous_1)
FN:28,(anonymous_2)
FN:38,(anonymous_3)
FN:38,(anonymous_4)
FN:58,(anonymous_5)
FN:80,(anonymous_6)
FN:114,(anonymous_7)
FN:143,(anonymous_8)
FN:183,(anonymous_9)
FN:223,(anonymous_10)
FNF:11
FNH:2
FNDA:0,(anonymous_0)
FNDA:6,(anonymous_1)
FNDA:0,(anonymous_2)
FNDA:18,(anonymous_3)
FNDA:0,(anonymous_4)
FNDA:0,(anonymous_5)
FNDA:0,(anonymous_6)
FNDA:0,(anonymous_7)
FNDA:0,(anonymous_8)
FNDA:0,(anonymous_9)
FNDA:0,(anonymous_10)
DA:3,3
DA:4,3
DA:5,3
DA:6,3
DA:7,3
DA:8,3
DA:11,3
DA:17,0
DA:18,0
DA:19,0
DA:21,0
DA:26,6
DA:29,0
DA:30,0
DA:31,0
DA:33,0
DA:38,18
DA:39,0
DA:58,3
DA:59,0
DA:60,0
DA:80,3
DA:81,0
DA:82,0
DA:83,0
DA:84,0
DA:86,0
DA:99,0
DA:100,0
DA:114,3
DA:115,0
DA:117,0
DA:143,3
DA:145,0
DA:146,0
DA:148,0
DA:151,0
DA:152,0
DA:155,0
DA:183,3
DA:185,0
DA:186,0
DA:188,0
DA:191,0
DA:192,0
DA:194,0
DA:195,0
DA:196,0
DA:199,0
DA:200,0
DA:201,0
DA:223,3
DA:225,0
DA:226,0
DA:228,0
DA:231,0
DA:232,0
DA:235,0
DA:238,3
LF:59
LH:16
BRDA:18,0,0,0
BRDA:18,0,1,0
BRDA:30,1,0,0
BRDA:30,1,1,0
BRDA:82,2,0,0
BRDA:82,2,1,0
BRDA:96,3,0,0
BRDA:96,3,1,0
BRDA:145,4,0,0
BRDA:145,4,1,0
BRDA:151,5,0,0
BRDA:151,5,1,0
BRDA:185,6,0,0
BRDA:185,6,1,0
BRDA:191,7,0,0
BRDA:191,7,1,0
BRDA:194,8,0,0
BRDA:194,8,1,0
BRDA:225,9,0,0
BRDA:225,9,1,0
BRDA:231,10,0,0
BRDA:231,10,1,0
BRF:22
BRH:0
end_of_record
TN:
SF:routes/v2CityRoutes.js
FN:12,(anonymous_0)
FN:15,(anonymous_1)
FN:26,(anonymous_2)
FN:26,(anonymous_3)
FN:56,(anonymous_4)
FN:91,(anonymous_5)
FN:130,(anonymous_6)
FNF:7
FNH:2
FNDA:3,(anonymous_0)
FNDA:0,(anonymous_1)
FNDA:9,(anonymous_2)
FNDA:0,(anonymous_3)
FNDA:0,(anonymous_4)
FNDA:0,(anonymous_5)
FNDA:0,(anonymous_6)
DA:3,3
DA:4,3
DA:5,3
DA:6,3
DA:7,3
DA:8,3
DA:9,3
DA:12,3
DA:13,3
DA:16,0
DA:17,0
DA:18,0
DA:20,0
DA:26,9
DA:27,0
DA:56,3
DA:57,0
DA:58,0
DA:59,0
DA:61,0
DA:91,3
DA:92,0
DA:95,0
DA:96,0
DA:98,0
DA:101,0
DA:102,0
DA:105,0
DA:130,3
DA:131,0
DA:132,0
DA:135,3
LF:32
LH:14
BRDA:17,0,0,0
BRDA:17,0,1,0
BRDA:58,1,0,0
BRDA:58,1,1,0
BRDA:95,2,0,0
BRDA:95,2,1,0
BRDA:101,3,0,0
BRDA:101,3,1,0
BRF:8
BRH:0
end_of_record
TN:
SF:routes/v2LogRoutes.js
FN:13,(anonymous_0)
FN:17,(anonymous_1)
FN:38,(anonymous_2)
FN:38,(anonymous_3)
FN:59,(anonymous_4)
FN:90,(anonymous_5)
FN:130,(anonymous_6)
FN:158,(anonymous_7)
FN:212,(anonymous_8)
FN:269,(anonymous_9)
FNF:10
FNH:2
FNDA:3,(anonymous_0)
FNDA:0,(anonymous_1)
FNDA:18,(anonymous_2)
FNDA:0,(anonymous_3)
FNDA:0,(anonymous_4)
FNDA:0,(anonymous_5)
FNDA:0,(anonymous_6)
FNDA:0,(anonymous_7)
FNDA:0,(anonymous_8)
FNDA:0,(anonymous_9)
DA:3,3
DA:4,3
DA:5,3
DA:6,3
DA:7,3
DA:8,3
DA:9,3
DA:10,3
DA:13,3
DA:14,3
DA:18,0
DA:19,0
DA:20,0
DA:22,0
DA:38,18
DA:39,0
DA:59,3
DA:60,0
DA:61,0
DA:90,3
DA:91,0
DA:104,0
DA:105,0
DA:130,3
DA:131,0
DA:132,0
DA:158,3
DA:159,0
DA:160,0
DA:162,0
DA:163,0
DA:166,0
DA:211,3
DA:213,0
DA:214,0
DA:215,0
DA:217,0
DA:218,0
DA:233,0
DA:235,0
DA:240,0
DA:241,0
DA:243,0
DA:269,3
DA:270,0
DA:271,0
DA:272,0
DA:274,0
DA:275,0
DA:278,0
DA:281,0
DA:285,3
LF:52
LH:18
BRDA:19,0,0,0
BRDA:19,0,1,0
BRDA:96,1,0,0
BRDA:96,1,1,0
BRDA:100,2,0,0
BRDA:100,2,1,0
BRDA:101,3,0,0
BRDA:101,3,1,0
BRDA:162,4,0,0
BRDA:162,4,1,0
BRDA:217,5,0,0
BRDA:217,5,1,0
BRDA:233,6,0,0
BRDA:233,6,1,0
BRDA:274,7,0,0
BRDA:274,7,1,0
BRF:16
BRH:0
end_of_record
TN:
SF:routes/v2RentalRoutes.js
FN:15,(anonymous_0)
FN:25,(anonymous_1)
FN:27,(anonymous_2)
FN:37,(anonymous_3)
FN:37,(anonymous_4)
FN:69,(anonymous_5)
FN:88,(anonymous_6)
FN:125,(anonymous_7)
FN:186,(anonymous_8)
FN:224,(anonymous_9)
FN:258,(anonymous_10)
FNF:11
FNH:2
FNDA:0,(anonymous_0)
FNDA:3,(anonymous_1)
FNDA:0,(anonymous_2)
FNDA:18,(anonymous_3)
FNDA:0,(anonymous_4)
FNDA:0,(anonymous_5)
FNDA:0,(anonymous_6)
FNDA:0,(anonymous_7)
FNDA:0,(anonymous_8)
FNDA:0,(anonymous_9)
FNDA:0,(anonymous_10)
DA:3,3
DA:4,3
DA:5,3
DA:6,3
DA:7,3
DA:8,3
DA:9,3
DA:10,3
DA:13,3
DA:16,0
DA:17,0
DA:18,0
DA:20,0
DA:25,3
DA:28,0
DA:29,0
DA:30,0
DA:32,0
DA:37,18
DA:38,0
DA:69,3
DA:70,0
DA:71,0
DA:88,3
DA:89,0
DA:90,0
DA:125,3
DA:126,0
DA:127,0
DA:128,0
DA:129,0
DA:130,0
DA:134,0
DA:135,0
DA:136,0
DA:138,0
DA:139,0
DA:141,0
DA:142,0
DA:143,0
DA:144,0
DA:145,0
DA:148,0
DA:162,0
DA:163,0
DA:186,3
DA:187,0
DA:189,0
DA:190,0
DA:191,0
DA:192,0
DA:195,0
DA:224,3
DA:225,0
DA:227,0
DA:228,0
DA:229,0
DA:230,0
DA:233,0
DA:234,0
DA:235,0
DA:258,3
DA:259,0
DA:261,0
DA:262,0
DA:263,0
DA:264,0
DA:267,0
DA:270,3
LF:69
LH:18
BRDA:17,0,0,0
BRDA:17,0,1,0
BRDA:29,1,0,0
BRDA:29,1,1,0
BRDA:127,2,0,0
BRDA:127,2,1,0
BRDA:134,3,0,0
BRDA:134,3,1,0
BRDA:142,4,0,0
BRDA:142,4,1,0
BRDA:156,5,0,0
BRDA:156,5,1,0
BRDA:157,6,0,0
BRDA:157,6,1,0
BRDA:158,7,0,0
BRDA:158,7,1,0
BRDA:159,8,0,0
BRDA:159,8,1,0
BRDA:189,9,0,0
BRDA:189,9,1,0
BRDA:227,10,0,0
BRDA:227,10,1,0
BRDA:261,11,0,0
BRDA:261,11,1,0
BRF:24
BRH:0
end_of_record
TN:
SF:routes/v2ScooterRoutes.js
FN:17,(anonymous_0)
FN:27,(anonymous_1)
FN:29,(anonymous_2)
FN:39,(anonymous_3)
FN:39,(anonymous_4)
FN:69,(anonymous_5)
FN:93,(anonymous_6)
FN:151,(anonymous_7)
FN:174,(anonymous_8)
FN:211,(anonymous_9)
FN:265,(anonymous_10)
FNF:11
FNH:2
FNDA:0,(anonymous_0)
FNDA:9,(anonymous_1)
FNDA:0,(anonymous_2)
FNDA:18,(anonymous_3)
FNDA:0,(anonymous_4)
FNDA:0,(anonymous_5)
FNDA:0,(anonymous_6)
FNDA:0,(anonymous_7)
FNDA:0,(anonymous_8)
FNDA:0,(anonymous_9)
FNDA:0,(anonymous_10)
DA:3,3
DA:4,3
DA:5,3
DA:6,3
DA:7,3
DA:8,3
DA:9,3
DA:10,3
DA:13,3
DA:18,0
DA:19,0
DA:20,0
DA:22,0
DA:27,9
DA:30,0
DA:31,0
DA:32,0
DA:34,0
DA:39,18
DA:40,0
DA:69,3
DA:70,0
DA:71,0
DA:93,3
DA:94,0
DA:95,0
DA:96,0
DA:98,0
DA:99,0
DA:103,0
DA:121,0
DA:122,0
DA:127,0
DA:128,0
DA:129,0
DA:133,0
DA:134,0
DA:151,3
DA:152,0
DA:153,0
DA:174,3
DA:175,0
DA:176,0
DA:178,0
DA:179,0
DA:182,0
DA:211,3
DA:212,0
DA:214,0
DA:215,0
DA:217,0
DA:218,0
DA:219,0
DA:225,0
DA:227,0
DA:228,0
DA:230,0
DA:232,0
DA:239,0
DA:240,0
DA:242,0
DA:265,3
DA:266,0
DA:268,0
DA:269,0
DA:272,0
DA:275,3
LF:67
LH:18
BRDA:19,0,0,0
BRDA:19,0,1,0
BRDA:31,1,0,0
BRDA:31,1,1,0
BRDA:95,2,0,0
BRDA:95,2,1,0
BRDA:98,3,0,0
BRDA:98,3,1,0
BRDA:108,4,0,0
BRDA:108,4,1,0
BRDA:109,5,0,0
BRDA:109,5,1,0
BRDA:110,6,0,0
BRDA:110,6,1,0
BRDA:113,7,0,0
BRDA:113,7,1,0
BRDA:114,8,0,0
BRDA:114,8,1,0
BRDA:116,9,0,0
BRDA:116,9,1,0
BRDA:117,10,0,0
BRDA:117,10,1,0
BRDA:118,11,0,0
BRDA:118,11,1,0
BRDA:121,12,0,0
BRDA:121,12,1,0
BRDA:127,13,0,0
BRDA:127,13,1,0
BRDA:127,14,0,0
BRDA:127,14,1,0
BRDA:178,15,0,0
BRDA:178,15,1,0
BRDA:214,16,0,0
BRDA:214,16,1,0
BRDA:217,17,0,0
BRDA:217,17,1,0
BRDA:218,18,0,0
BRDA:218,18,1,0
BRDA:227,19,0,0
BRDA:227,19,1,0
BRDA:268,20,0,0
BRDA:268,20,1,0
BRF:42
BRH:0
end_of_record
TN:
SF:routes/v2StationRoutes.js
FN:20,(anonymous_0)
FN:30,(anonymous_1)
FN:32,(anonymous_2)
FN:42,(anonymous_3)
FN:42,(anonymous_4)
FN:75,(anonymous_5)
FN:104,(anonymous_6)
FN:149,(anonymous_7)
FN:180,(anonymous_8)
FN:222,(anonymous_9)
FN:333,(anonymous_10)
FN:373,(anonymous_11)
FN:427,(anonymous_12)
FN:439,(anonymous_13)
FNF:14
FNH:2
FNDA:0,(anonymous_0)
FNDA:6,(anonymous_1)
FNDA:0,(anonymous_2)
FNDA:24,(anonymous_3)
FNDA:0,(anonymous_4)
FNDA:0,(anonymous_5)
FNDA:0,(anonymous_6)
FNDA:0,(anonymous_7)
FNDA:0,(anonymous_8)
FNDA:0,(anonymous_9)
FNDA:0,(anonymous_10)
FNDA:0,(anonymous_11)
FNDA:0,(anonymous_12)
FNDA:0,(anonymous_13)
DA:3,3
DA:4,3
DA:5,3
DA:6,3
DA:7,3
DA:9,3
DA:10,3
DA:11,3
DA:12,3
DA:15,3
DA:21,0
DA:22,0
DA:23,0
DA:25,0
DA:30,6
DA:33,0
DA:34,0
DA:35,0
DA:37,0
DA:42,24
DA:43,0
DA:75,3
DA:76,0
DA:77,0
DA:104,3
DA:105,0
DA:107,0
DA:108,0
DA:109,0
DA:110,0
DA:111,0
DA:113,0
DA:118,0
DA:121,0
DA:122,0
DA:123,0
DA:125,0
DA:128,0
DA:129,0
DA:132,0
DA:141,0
DA:143,0
DA:144,0
DA:149,3
DA:150,0
DA:152,0
DA:180,3
DA:182,0
DA:183,0
DA:185,0
DA:188,0
DA:189,0
DA:192,0
DA:222,3
DA:223,0
DA:224,0
DA:226,0
DA:227,0
DA:230,0
DA:232,0
DA:234,0
DA:235,0
DA:236,0
DA:237,0
DA:238,0
DA:240,0
DA:241,0
DA:242,0
DA:243,0
DA:246,0
DA:251,0
DA:254,0
DA:256,0
DA:257,0
DA:258,0
DA:259,0
DA:260,0
DA:262,0
DA:267,0
DA:271,0
DA:272,0
DA:273,0
DA:275,0
DA:276,0
DA:279,0
DA:282,0
DA:283,0
DA:284,0
DA:285,0
DA:287,0
DA:290,0
DA:293,0
DA:294,0
DA:297,0
DA:298,0
DA:308,0
DA:309,0
DA:333,3
DA:334,0
DA:336,0
DA:337,0
DA:340,0
DA:373,3
DA:374,0
DA:375,0
DA:377,0
DA:378,0
DA:381,0
DA:382,0
DA:385,0
DA:391,0
DA:392,0
DA:394,0
DA:427,3
DA:428,0
DA:429,0
DA:431,0
DA:432,0
DA:435,0
DA:436,0
DA:439,0
DA:440,0
DA:441,0
DA:443,0
DA:447,3
LF:125
LH:21
BRDA:22,0,0,0
BRDA:22,0,1,0
BRDA:34,1,0,0
BRDA:34,1,1,0
BRDA:110,2,0,0
BRDA:110,2,1,0
BRDA:122,3,0,0
BRDA:122,3,1,0
BRDA:128,4,0,0
BRDA:128,4,1,0
BRDA:182,5,0,0
BRDA:182,5,1,0
BRDA:188,6,0,0
BRDA:188,6,1,0
BRDA:226,7,0,0
BRDA:226,7,1,0
BRDA:234,8,0,0
BRDA:234,8,1,0
BRDA:237,9,0,0
BRDA:237,9,1,0
BRDA:242,10,0,0
BRDA:242,10,1,0
BRDA:256,11,0,0
BRDA:256,11,1,0
BRDA:259,12,0,0
BRDA:259,12,1,0
BRDA:271,13,0,0
BRDA:271,13,1,0
BRDA:272,14,0,0
BRDA:272,14,1,0
BRDA:275,15,0,0
BRDA:275,15,1,0
BRDA:282,16,0,0
BRDA:282,16,1,0
BRDA:284,17,0,0
BRDA:284,17,1,0
BRDA:293,18,0,0
BRDA:293,18,1,0
BRDA:336,19,0,0
BRDA:336,19,1,0
BRDA:377,20,0,0
BRDA:377,20,1,0
BRDA:381,21,0,0
BRDA:381,21,1,0
BRDA:431,22,0,0
BRDA:431,22,1,0
BRDA:435,23,0,0
BRDA:435,23,1,0
BRF:48
BRH:0
end_of_record
TN:
SF:routes/v2userRoutes.js
FN:20,(anonymous_0)
FN:30,(anonymous_1)
FN:32,(anonymous_2)
FN:42,(anonymous_3)
FN:42,(anonymous_4)
FN:100,(anonymous_5)
FN:137,(anonymous_6)
FN:161,(anonymous_7)
FN:198,(anonymous_8)
FN:227,(anonymous_9)
FN:269,(anonymous_10)
FN:311,(anonymous_11)
FNF:12
FNH:2
FNDA:0,(anonymous_0)
FNDA:6,(anonymous_1)
FNDA:0,(anonymous_2)
FNDA:21,(anonymous_3)
FNDA:0,(anonymous_4)
FNDA:0,(anonymous_5)
FNDA:0,(anonymous_6)
FNDA:0,(anonymous_7)
FNDA:0,(anonymous_8)
FNDA:0,(anonymous_9)
FNDA:0,(anonymous_10)
FNDA:0,(anonymous_11)
DA:3,3
DA:4,3
DA:5,3
DA:6,3
DA:7,3
DA:8,3
DA:9,3
DA:10,3
DA:11,3
DA:14,3
DA:21,0
DA:22,0
DA:23,0
DA:25,0
DA:30,6
DA:33,0
DA:34,0
DA:35,0
DA:37,0
DA:42,21
DA:43,0
DA:100,3
DA:101,0
DA:103,0
DA:104,0
DA:105,0
DA:106,0
DA:109,0
DA:110,0
DA:111,0
DA:113,0
DA:116,0
DA:137,3
DA:138,0
DA:139,0
DA:161,3
DA:162,0
DA:163,0
DA:164,0
DA:165,0
DA:167,0
DA:181,0
DA:182,0
DA:198,3
DA:199,0
DA:201,0
DA:227,3
DA:229,0
DA:230,0
DA:232,0
DA:235,0
DA:236,0
DA:239,0
DA:269,3
DA:271,0
DA:272,0
DA:274,0
DA:277,0
DA:278,0
DA:280,0
DA:281,0
DA:282,0
DA:285,0
DA:286,0
DA:287,0
DA:311,3
DA:313,0
DA:314,0
DA:316,0
DA:319,0
DA:320,0
DA:323,0
DA:326,3
LF:73
LH:20
BRDA:22,0,0,0
BRDA:22,0,1,0
BRDA:34,1,0,0
BRDA:34,1,1,0
BRDA:105,2,0,0
BRDA:105,2,1,0
BRDA:109,3,0,0
BRDA:109,3,1,0
BRDA:163,4,0,0
BRDA:163,4,1,0
BRDA:178,5,0,0
BRDA:178,5,1,0
BRDA:229,6,0,0
BRDA:229,6,1,0
BRDA:235,7,0,0
BRDA:235,7,1,0
BRDA:271,8,0,0
BRDA:271,8,1,0
BRDA:277,9,0,0
BRDA:277,9,1,0
BRDA:280,10,0,0
BRDA:280,10,1,0
BRDA:313,11,0,0
BRDA:313,11,1,0
BRDA:319,12,0,0
BRDA:319,12,1,0
BRF:26
BRH:0
end_of_record
